# JRE version: OpenJDK Runtime Environment (16.0.1+9) (build 16.0.1+9-24)
# Java VM: OpenJDK 64-Bit Server VM (16.0.1+9-24, mixed mode, sharing, tiered, compressed oops, compressed class ptrs, g1 gc, linux-amd64)
GC Precious Log:
 CPUs: 8 total, 8 available
 Memory: 7642M
 Large Page Support: Disabled
 NUMA Support: Disabled
 Compressed Oops: Enabled (32-bit)
 Heap Region Size: 1M
 Heap Min Capacity: 8M
 Heap Initial Capacity: 120M
 Heap Max Capacity: 1912M
 Pre-touch: Disabled
 Parallel Workers: 8
 Concurrent Workers: 2
 Concurrent Refinement Workers: 8
 Periodic GC: Disabled
Heap:
 garbage-first heap   total 256000K, used 131134K [0x0000000088800000, 0x0000000100000000)
  region size 1024K, 126 young (129024K), 1 survivors (1024K)
 Metaspace       used 9381K, committed 9536K, reserved 1064960K
  class space    used 630K, committed 704K, reserved 1048576K
GC Heap History (20 events):
Event: 8.128 GC heap before
{Heap before GC invocations=98 (full 0):
 garbage-first heap   total 256000K, used 156693K [0x0000000088800000, 0x0000000100000000)
  region size 1024K, 150 young (153600K), 1 survivors (1024K)
 Metaspace       used 9381K, committed 9536K, reserved 1064960K
  class space    used 630K, committed 704K, reserved 1048576K
}
Event: 8.129 GC heap after
{Heap after GC invocations=99 (full 0):
 garbage-first heap   total 256000K, used 4110K [0x0000000088800000, 0x0000000100000000)
  region size 1024K, 1 young (1024K), 1 survivors (1024K)
 Metaspace       used 9381K, committed 9536K, reserved 1064960K
  class space    used 630K, committed 704K, reserved 1048576K
}
Event: 8.200 GC heap before
{Heap before GC invocations=99 (full 0):
 garbage-first heap   total 256000K, used 156686K [0x0000000088800000, 0x0000000100000000)
  region size 1024K, 150 young (153600K), 1 survivors (1024K)
 Metaspace       used 9381K, committed 9536K, reserved 1064960K
  class space    used 630K, committed 704K, reserved 1048576K
}
Event: 8.201 GC heap after
{Heap after GC invocations=100 (full 0):
 garbage-first heap   total 256000K, used 4146K [0x0000000088800000, 0x0000000100000000)
  region size 1024K, 1 young (1024K), 1 survivors (1024K)
 Metaspace       used 9381K, committed 9536K, reserved 1064960K
  class space    used 630K, committed 704K, reserved 1048576K
}
Event: 8.270 GC heap before
{Heap before GC invocations=100 (full 0):
 garbage-first heap   total 256000K, used 156722K [0x0000000088800000, 0x0000000100000000)
  region size 1024K, 150 young (153600K), 1 survivors (1024K)
 Metaspace       used 9381K, committed 9536K, reserved 1064960K
  class space    used 630K, committed 704K, reserved 1048576K
}
Event: 8.271 GC heap after
{Heap after GC invocations=101 (full 0):
 garbage-first heap   total 256000K, used 4110K [0x0000000088800000, 0x0000000100000000)
  region size 1024K, 1 young (1024K), 1 survivors (1024K)
 Metaspace       used 9381K, committed 9536K, reserved 1064960K
  class space    used 630K, committed 704K, reserved 1048576K
}
Event: 8.341 GC heap before
{Heap before GC invocations=101 (full 0):
 garbage-first heap   total 256000K, used 156686K [0x0000000088800000, 0x0000000100000000)
  region size 1024K, 150 young (153600K), 1 survivors (1024K)
 Metaspace       used 9381K, committed 9536K, reserved 1064960K
  class space    used 630K, committed 704K, reserved 1048576K
}
Event: 8.342 GC heap after
{Heap after GC invocations=102 (full 0):
 garbage-first heap   total 256000K, used 4125K [0x0000000088800000, 0x0000000100000000)
  region size 1024K, 1 young (1024K), 1 survivors (1024K)
 Metaspace       used 9381K, committed 9536K, reserved 1064960K
  class space    used 630K, committed 704K, reserved 1048576K
}
Event: 8.413 GC heap before
{Heap before GC invocations=102 (full 0):
 garbage-first heap   total 256000K, used 156701K [0x0000000088800000, 0x0000000100000000)
  region size 1024K, 150 young (153600K), 1 survivors (1024K)
 Metaspace       used 9381K, committed 9536K, reserved 1064960K
  class space    used 630K, committed 704K, reserved 1048576K
}
Event: 8.415 GC heap after
{Heap after GC invocations=103 (full 0):
 garbage-first heap   total 256000K, used 4150K [0x0000000088800000, 0x0000000100000000)
  region size 1024K, 1 young (1024K), 1 survivors (1024K)
 Metaspace       used 9381K, committed 9536K, reserved 1064960K
  class space    used 630K, committed 704K, reserved 1048576K
}
Event: 8.485 GC heap before
{Heap before GC invocations=103 (full 0):
 garbage-first heap   total 256000K, used 156726K [0x0000000088800000, 0x0000000100000000)
  region size 1024K, 150 young (153600K), 1 survivors (1024K)
 Metaspace       used 9381K, committed 9536K, reserved 1064960K
  class space    used 630K, committed 704K, reserved 1048576K
}
Event: 8.487 GC heap after
{Heap after GC invocations=104 (full 0):
 garbage-first heap   total 256000K, used 4120K [0x0000000088800000, 0x0000000100000000)
  region size 1024K, 1 young (1024K), 1 survivors (1024K)
 Metaspace       used 9381K, committed 9536K, reserved 1064960K
  class space    used 630K, committed 704K, reserved 1048576K
}
Event: 8.557 GC heap before
{Heap before GC invocations=104 (full 0):
 garbage-first heap   total 256000K, used 156696K [0x0000000088800000, 0x0000000100000000)
  region size 1024K, 150 young (153600K), 1 survivors (1024K)
 Metaspace       used 9381K, committed 9536K, reserved 1064960K
  class space    used 630K, committed 704K, reserved 1048576K
}
Event: 8.558 GC heap after
{Heap after GC invocations=105 (full 0):
 garbage-first heap   total 256000K, used 4157K [0x0000000088800000, 0x0000000100000000)
  region size 1024K, 1 young (1024K), 1 survivors (1024K)
 Metaspace       used 9381K, committed 9536K, reserved 1064960K
  class space    used 630K, committed 704K, reserved 1048576K
}
Event: 8.629 GC heap before
{Heap before GC invocations=105 (full 0):
 garbage-first heap   total 256000K, used 156733K [0x0000000088800000, 0x0000000100000000)
  region size 1024K, 150 young (153600K), 1 survivors (1024K)
 Metaspace       used 9381K, committed 9536K, reserved 1064960K
  class space    used 630K, committed 704K, reserved 1048576K
}
Event: 8.630 GC heap after
{Heap after GC invocations=106 (full 0):
 garbage-first heap   total 256000K, used 4118K [0x0000000088800000, 0x0000000100000000)
  region size 1024K, 1 young (1024K), 1 survivors (1024K)
 Metaspace       used 9381K, committed 9536K, reserved 1064960K
  class space    used 630K, committed 704K, reserved 1048576K
}
Event: 8.700 GC heap before
{Heap before GC invocations=106 (full 0):
 garbage-first heap   total 256000K, used 156694K [0x0000000088800000, 0x0000000100000000)
  region size 1024K, 150 young (153600K), 1 survivors (1024K)
 Metaspace       used 9381K, committed 9536K, reserved 1064960K
  class space    used 630K, committed 704K, reserved 1048576K
}
Event: 8.701 GC heap after
{Heap after GC invocations=107 (full 0):
 garbage-first heap   total 256000K, used 4118K [0x0000000088800000, 0x0000000100000000)
  region size 1024K, 1 young (1024K), 1 survivors (1024K)
 Metaspace       used 9381K, committed 9536K, reserved 1064960K
  class space    used 630K, committed 704K, reserved 1048576K
}
Event: 8.771 GC heap before
{Heap before GC invocations=107 (full 0):
 garbage-first heap   total 256000K, used 156694K [0x0000000088800000, 0x0000000100000000)
  region size 1024K, 150 young (153600K), 1 survivors (1024K)
 Metaspace       used 9381K, committed 9536K, reserved 1064960K
  class space    used 630K, committed 704K, reserved 1048576K
}
Event: 8.772 GC heap after
{Heap after GC invocations=108 (full 0):
 garbage-first heap   total 256000K, used 4158K [0x0000000088800000, 0x0000000100000000)
  region size 1024K, 1 young (1024K), 1 survivors (1024K)
 Metaspace       used 9381K, committed 9536K, reserved 1064960K
  class space    used 630K, committed 704K, reserved 1048576K
}

