# JRE version: OpenJDK Runtime Environment (16.0.1+9) (build 16.0.1+9-24)
# Java VM: OpenJDK 64-Bit Server VM (16.0.1+9-24, mixed mode, sharing, tiered, compressed oops, compressed class ptrs, g1 gc, linux-amd64)
GC Precious Log:
 CPUs: 8 total, 8 available
 Memory: 7642M
 Large Page Support: Disabled
 NUMA Support: Disabled
 Compressed Oops: Enabled (32-bit)
 Heap Region Size: 1M
 Heap Min Capacity: 8M
 Heap Initial Capacity: 120M
 Heap Max Capacity: 1912M
 Pre-touch: Disabled
 Parallel Workers: 8
 Concurrent Workers: 2
 Concurrent Refinement Workers: 8
 Periodic GC: Disabled
Heap:
 garbage-first heap   total 417792K, used 284093K [0x0000000088800000, 0x0000000100000000)
  region size 1024K, 186 young (190464K), 1 survivors (1024K)
 Metaspace       used 9360K, committed 9536K, reserved 1064960K
  class space    used 628K, committed 704K, reserved 1048576K
GC Heap History (20 events):
Event: 6.075 GC heap before
{Heap before GC invocations=40 (full 0):
 garbage-first heap   total 417792K, used 344513K [0x0000000088800000, 0x0000000100000000)
  region size 1024K, 244 young (249856K), 1 survivors (1024K)
 Metaspace       used 9360K, committed 9536K, reserved 1064960K
  class space    used 628K, committed 704K, reserved 1048576K
}
Event: 6.076 GC heap after
{Heap after GC invocations=41 (full 0):
 garbage-first heap   total 417792K, used 95689K [0x0000000088800000, 0x0000000100000000)
  region size 1024K, 1 young (1024K), 1 survivors (1024K)
 Metaspace       used 9360K, committed 9536K, reserved 1064960K
  class space    used 628K, committed 704K, reserved 1048576K
}
Event: 6.195 GC heap before
{Heap before GC invocations=41 (full 0):
 garbage-first heap   total 417792K, used 344521K [0x0000000088800000, 0x0000000100000000)
  region size 1024K, 244 young (249856K), 1 survivors (1024K)
 Metaspace       used 9360K, committed 9536K, reserved 1064960K
  class space    used 628K, committed 704K, reserved 1048576K
}
Event: 6.195 GC heap after
{Heap after GC invocations=42 (full 0):
 garbage-first heap   total 417792K, used 95677K [0x0000000088800000, 0x0000000100000000)
  region size 1024K, 1 young (1024K), 1 survivors (1024K)
 Metaspace       used 9360K, committed 9536K, reserved 1064960K
  class space    used 628K, committed 704K, reserved 1048576K
}
Event: 6.374 GC heap before
{Heap before GC invocations=42 (full 0):
 garbage-first heap   total 417792K, used 344509K [0x0000000088800000, 0x0000000100000000)
  region size 1024K, 244 young (249856K), 1 survivors (1024K)
 Metaspace       used 9360K, committed 9536K, reserved 1064960K
  class space    used 628K, committed 704K, reserved 1048576K
}
Event: 6.374 GC heap after
{Heap after GC invocations=43 (full 0):
 garbage-first heap   total 417792K, used 95691K [0x0000000088800000, 0x0000000100000000)
  region size 1024K, 1 young (1024K), 1 survivors (1024K)
 Metaspace       used 9360K, committed 9536K, reserved 1064960K
  class space    used 628K, committed 704K, reserved 1048576K
}
Event: 6.493 GC heap before
{Heap before GC invocations=43 (full 0):
 garbage-first heap   total 417792K, used 344523K [0x0000000088800000, 0x0000000100000000)
  region size 1024K, 244 young (249856K), 1 survivors (1024K)
 Metaspace       used 9360K, committed 9536K, reserved 1064960K
  class space    used 628K, committed 704K, reserved 1048576K
}
Event: 6.494 GC heap after
{Heap after GC invocations=44 (full 0):
 garbage-first heap   total 417792K, used 95675K [0x0000000088800000, 0x0000000100000000)
  region size 1024K, 1 young (1024K), 1 survivors (1024K)
 Metaspace       used 9360K, committed 9536K, reserved 1064960K
  class space    used 628K, committed 704K, reserved 1048576K
}
Event: 6.671 GC heap before
{Heap before GC invocations=44 (full 0):
 garbage-first heap   total 417792K, used 344507K [0x0000000088800000, 0x0000000100000000)
  region size 1024K, 244 young (249856K), 1 survivors (1024K)
 Metaspace       used 9360K, committed 9536K, reserved 1064960K
  class space    used 628K, committed 704K, reserved 1048576K
}
Event: 6.672 GC heap after
{Heap after GC invocations=45 (full 0):
 garbage-first heap   total 417792K, used 95693K [0x0000000088800000, 0x0000000100000000)
  region size 1024K, 1 young (1024K), 1 survivors (1024K)
 Metaspace       used 9360K, committed 9536K, reserved 1064960K
  class space    used 628K, committed 704K, reserved 1048576K
}
Event: 6.791 GC heap before
{Heap before GC invocations=45 (full 0):
 garbage-first heap   total 417792K, used 344525K [0x0000000088800000, 0x0000000100000000)
  region size 1024K, 244 young (249856K), 1 survivors (1024K)
 Metaspace       used 9360K, committed 9536K, reserved 1064960K
  class space    used 628K, committed 704K, reserved 1048576K
}
Event: 6.792 GC heap after
{Heap after GC invocations=46 (full 0):
 garbage-first heap   total 417792K, used 95679K [0x0000000088800000, 0x0000000100000000)
  region size 1024K, 1 young (1024K), 1 survivors (1024K)
 Metaspace       used 9360K, committed 9536K, reserved 1064960K
  class space    used 628K, committed 704K, reserved 1048576K
}
Event: 6.969 GC heap before
{Heap before GC invocations=46 (full 0):
 garbage-first heap   total 417792K, used 344511K [0x0000000088800000, 0x0000000100000000)
  region size 1024K, 244 young (249856K), 1 survivors (1024K)
 Metaspace       used 9360K, committed 9536K, reserved 1064960K
  class space    used 628K, committed 704K, reserved 1048576K
}
Event: 6.970 GC heap after
{Heap after GC invocations=47 (full 0):
 garbage-first heap   total 417792K, used 95693K [0x0000000088800000, 0x0000000100000000)
  region size 1024K, 1 young (1024K), 1 survivors (1024K)
 Metaspace       used 9360K, committed 9536K, reserved 1064960K
  class space    used 628K, committed 704K, reserved 1048576K
}
Event: 7.088 GC heap before
{Heap before GC invocations=47 (full 0):
 garbage-first heap   total 417792K, used 344525K [0x0000000088800000, 0x0000000100000000)
  region size 1024K, 244 young (249856K), 1 survivors (1024K)
 Metaspace       used 9360K, committed 9536K, reserved 1064960K
  class space    used 628K, committed 704K, reserved 1048576K
}
Event: 7.089 GC heap after
{Heap after GC invocations=48 (full 0):
 garbage-first heap   total 417792K, used 95671K [0x0000000088800000, 0x0000000100000000)
  region size 1024K, 1 young (1024K), 1 survivors (1024K)
 Metaspace       used 9360K, committed 9536K, reserved 1064960K
  class space    used 628K, committed 704K, reserved 1048576K
}
Event: 7.271 GC heap before
{Heap before GC invocations=48 (full 0):
 garbage-first heap   total 417792K, used 344503K [0x0000000088800000, 0x0000000100000000)
  region size 1024K, 244 young (249856K), 1 survivors (1024K)
 Metaspace       used 9360K, committed 9536K, reserved 1064960K
  class space    used 628K, committed 704K, reserved 1048576K
}
Event: 7.272 GC heap after
{Heap after GC invocations=49 (full 0):
 garbage-first heap   total 417792K, used 95691K [0x0000000088800000, 0x0000000100000000)
  region size 1024K, 1 young (1024K), 1 survivors (1024K)
 Metaspace       used 9360K, committed 9536K, reserved 1064960K
  class space    used 628K, committed 704K, reserved 1048576K
}
Event: 7.388 GC heap before
{Heap before GC invocations=49 (full 0):
 garbage-first heap   total 417792K, used 344523K [0x0000000088800000, 0x0000000100000000)
  region size 1024K, 244 young (249856K), 1 survivors (1024K)
 Metaspace       used 9360K, committed 9536K, reserved 1064960K
  class space    used 628K, committed 704K, reserved 1048576K
}
Event: 7.389 GC heap after
{Heap after GC invocations=50 (full 0):
 garbage-first heap   total 417792K, used 95677K [0x0000000088800000, 0x0000000100000000)
  region size 1024K, 1 young (1024K), 1 survivors (1024K)
 Metaspace       used 9360K, committed 9536K, reserved 1064960K
  class space    used 628K, committed 704K, reserved 1048576K
}

