# JRE version: OpenJDK Runtime Environment (16.0.1+9) (build 16.0.1+9-24)
# Java VM: OpenJDK 64-Bit Server VM (16.0.1+9-24, mixed mode, sharing, tiered, compressed oops, compressed class ptrs, g1 gc, linux-amd64)
GC Precious Log:
 CPUs: 8 total, 8 available
 Memory: 7642M
 Large Page Support: Disabled
 NUMA Support: Disabled
 Compressed Oops: Enabled (32-bit)
 Heap Region Size: 1M
 Heap Min Capacity: 8M
 Heap Initial Capacity: 120M
 Heap Max Capacity: 1912M
 Pre-touch: Disabled
 Parallel Workers: 8
 Concurrent Workers: 2
 Concurrent Refinement Workers: 8
 Periodic GC: Disabled
Heap:
 garbage-first heap   total 261120K, used 140328K [0x0000000088800000, 0x0000000100000000)
  region size 1024K, 135 young (138240K), 1 survivors (1024K)
 Metaspace       used 9391K, committed 9536K, reserved 1064960K
  class space    used 628K, committed 704K, reserved 1048576K
GC Heap History (20 events):
Event: 9.165 GC heap before
{Heap before GC invocations=112 (full 0):
 garbage-first heap   total 261120K, used 159808K [0x0000000088800000, 0x0000000100000000)
  region size 1024K, 153 young (156672K), 1 survivors (1024K)
 Metaspace       used 9391K, committed 9536K, reserved 1064960K
  class space    used 628K, committed 704K, reserved 1048576K
}
Event: 9.166 GC heap after
{Heap after GC invocations=113 (full 0):
 garbage-first heap   total 261120K, used 4122K [0x0000000088800000, 0x0000000100000000)
  region size 1024K, 1 young (1024K), 1 survivors (1024K)
 Metaspace       used 9391K, committed 9536K, reserved 1064960K
  class space    used 628K, committed 704K, reserved 1048576K
}
Event: 9.237 GC heap before
{Heap before GC invocations=113 (full 0):
 garbage-first heap   total 261120K, used 159770K [0x0000000088800000, 0x0000000100000000)
  region size 1024K, 153 young (156672K), 1 survivors (1024K)
 Metaspace       used 9391K, committed 9536K, reserved 1064960K
  class space    used 628K, committed 704K, reserved 1048576K
}
Event: 9.238 GC heap after
{Heap after GC invocations=114 (full 0):
 garbage-first heap   total 261120K, used 4123K [0x0000000088800000, 0x0000000100000000)
  region size 1024K, 1 young (1024K), 1 survivors (1024K)
 Metaspace       used 9391K, committed 9536K, reserved 1064960K
  class space    used 628K, committed 704K, reserved 1048576K
}
Event: 9.310 GC heap before
{Heap before GC invocations=114 (full 0):
 garbage-first heap   total 261120K, used 159771K [0x0000000088800000, 0x0000000100000000)
  region size 1024K, 153 young (156672K), 1 survivors (1024K)
 Metaspace       used 9391K, committed 9536K, reserved 1064960K
  class space    used 628K, committed 704K, reserved 1048576K
}
Event: 9.311 GC heap after
{Heap after GC invocations=115 (full 0):
 garbage-first heap   total 261120K, used 4162K [0x0000000088800000, 0x0000000100000000)
  region size 1024K, 1 young (1024K), 1 survivors (1024K)
 Metaspace       used 9391K, committed 9536K, reserved 1064960K
  class space    used 628K, committed 704K, reserved 1048576K
}
Event: 9.382 GC heap before
{Heap before GC invocations=115 (full 0):
 garbage-first heap   total 261120K, used 159810K [0x0000000088800000, 0x0000000100000000)
  region size 1024K, 153 young (156672K), 1 survivors (1024K)
 Metaspace       used 9391K, committed 9536K, reserved 1064960K
  class space    used 628K, committed 704K, reserved 1048576K
}
Event: 9.383 GC heap after
{Heap after GC invocations=116 (full 0):
 garbage-first heap   total 261120K, used 4133K [0x0000000088800000, 0x0000000100000000)
  region size 1024K, 1 young (1024K), 1 survivors (1024K)
 Metaspace       used 9391K, committed 9536K, reserved 1064960K
  class space    used 628K, committed 704K, reserved 1048576K
}
Event: 9.454 GC heap before
{Heap before GC invocations=116 (full 0):
 garbage-first heap   total 261120K, used 159781K [0x0000000088800000, 0x0000000100000000)
  region size 1024K, 153 young (156672K), 1 survivors (1024K)
 Metaspace       used 9391K, committed 9536K, reserved 1064960K
  class space    used 628K, committed 704K, reserved 1048576K
}
Event: 9.455 GC heap after
{Heap after GC invocations=117 (full 0):
 garbage-first heap   total 261120K, used 4124K [0x0000000088800000, 0x0000000100000000)
  region size 1024K, 1 young (1024K), 1 survivors (1024K)
 Metaspace       used 9391K, committed 9536K, reserved 1064960K
  class space    used 628K, committed 704K, reserved 1048576K
}
Event: 9.526 GC heap before
{Heap before GC invocations=117 (full 0):
 garbage-first heap   total 261120K, used 159772K [0x0000000088800000, 0x0000000100000000)
  region size 1024K, 153 young (156672K), 1 survivors (1024K)
 Metaspace       used 9391K, committed 9536K, reserved 1064960K
  class space    used 628K, committed 704K, reserved 1048576K
}
Event: 9.528 GC heap after
{Heap after GC invocations=118 (full 0):
 garbage-first heap   total 261120K, used 4171K [0x0000000088800000, 0x0000000100000000)
  region size 1024K, 1 young (1024K), 1 survivors (1024K)
 Metaspace       used 9391K, committed 9536K, reserved 1064960K
  class space    used 628K, committed 704K, reserved 1048576K
}
Event: 9.598 GC heap before
{Heap before GC invocations=118 (full 0):
 garbage-first heap   total 261120K, used 159819K [0x0000000088800000, 0x0000000100000000)
  region size 1024K, 153 young (156672K), 1 survivors (1024K)
 Metaspace       used 9391K, committed 9536K, reserved 1064960K
  class space    used 628K, committed 704K, reserved 1048576K
}
Event: 9.599 GC heap after
{Heap after GC invocations=119 (full 0):
 garbage-first heap   total 261120K, used 4136K [0x0000000088800000, 0x0000000100000000)
  region size 1024K, 1 young (1024K), 1 survivors (1024K)
 Metaspace       used 9391K, committed 9536K, reserved 1064960K
  class space    used 628K, committed 704K, reserved 1048576K
}
Event: 9.669 GC heap before
{Heap before GC invocations=119 (full 0):
 garbage-first heap   total 261120K, used 159784K [0x0000000088800000, 0x0000000100000000)
  region size 1024K, 153 young (156672K), 1 survivors (1024K)
 Metaspace       used 9391K, committed 9536K, reserved 1064960K
  class space    used 628K, committed 704K, reserved 1048576K
}
Event: 9.670 GC heap after
{Heap after GC invocations=120 (full 0):
 garbage-first heap   total 261120K, used 4126K [0x0000000088800000, 0x0000000100000000)
  region size 1024K, 1 young (1024K), 1 survivors (1024K)
 Metaspace       used 9391K, committed 9536K, reserved 1064960K
  class space    used 628K, committed 704K, reserved 1048576K
}
Event: 9.741 GC heap before
{Heap before GC invocations=120 (full 0):
 garbage-first heap   total 261120K, used 159774K [0x0000000088800000, 0x0000000100000000)
  region size 1024K, 153 young (156672K), 1 survivors (1024K)
 Metaspace       used 9391K, committed 9536K, reserved 1064960K
  class space    used 628K, committed 704K, reserved 1048576K
}
Event: 9.742 GC heap after
{Heap after GC invocations=121 (full 0):
 garbage-first heap   total 261120K, used 4172K [0x0000000088800000, 0x0000000100000000)
  region size 1024K, 1 young (1024K), 1 survivors (1024K)
 Metaspace       used 9391K, committed 9536K, reserved 1064960K
  class space    used 628K, committed 704K, reserved 1048576K
}
Event: 9.813 GC heap before
{Heap before GC invocations=121 (full 0):
 garbage-first heap   total 261120K, used 159820K [0x0000000088800000, 0x0000000100000000)
  region size 1024K, 153 young (156672K), 1 survivors (1024K)
 Metaspace       used 9391K, committed 9536K, reserved 1064960K
  class space    used 628K, committed 704K, reserved 1048576K
}
Event: 9.814 GC heap after
{Heap after GC invocations=122 (full 0):
 garbage-first heap   total 261120K, used 4136K [0x0000000088800000, 0x0000000100000000)
  region size 1024K, 1 young (1024K), 1 survivors (1024K)
 Metaspace       used 9391K, committed 9536K, reserved 1064960K
  class space    used 628K, committed 704K, reserved 1048576K
}

