# JRE version: OpenJDK Runtime Environment (16.0.1+9) (build 16.0.1+9-24)
# Java VM: OpenJDK 64-Bit Server VM (16.0.1+9-24, mixed mode, sharing, tiered, compressed oops, compressed class ptrs, g1 gc, linux-amd64)
GC Precious Log:
 CPUs: 8 total, 8 available
 Memory: 7642M
 Large Page Support: Disabled
 NUMA Support: Disabled
 Compressed Oops: Enabled (32-bit)
 Heap Region Size: 1M
 Heap Min Capacity: 8M
 Heap Initial Capacity: 120M
 Heap Max Capacity: 1912M
 Pre-touch: Disabled
 Parallel Workers: 8
 Concurrent Workers: 2
 Concurrent Refinement Workers: 8
 Periodic GC: Disabled
Heap:
 garbage-first heap   total 235520K, used 36808K [0x0000000088800000, 0x0000000100000000)
  region size 1024K, 34 young (34816K), 1 survivors (1024K)
 Metaspace       used 9365K, committed 9536K, reserved 1064960K
  class space    used 629K, committed 704K, reserved 1048576K
GC Heap History (20 events):
Event: 4.958 GC heap before
{Heap before GC invocations=44 (full 0):
 garbage-first heap   total 235520K, used 144326K [0x0000000088800000, 0x0000000100000000)
  region size 1024K, 138 young (141312K), 1 survivors (1024K)
 Metaspace       used 9343K, committed 9536K, reserved 1064960K
  class space    used 629K, committed 704K, reserved 1048576K
}
Event: 4.958 GC heap after
{Heap after GC invocations=45 (full 0):
 garbage-first heap   total 235520K, used 4036K [0x0000000088800000, 0x0000000100000000)
  region size 1024K, 1 young (1024K), 1 survivors (1024K)
 Metaspace       used 9343K, committed 9536K, reserved 1064960K
  class space    used 629K, committed 704K, reserved 1048576K
}
Event: 5.029 GC heap before
{Heap before GC invocations=45 (full 0):
 garbage-first heap   total 235520K, used 144324K [0x0000000088800000, 0x0000000100000000)
  region size 1024K, 138 young (141312K), 1 survivors (1024K)
 Metaspace       used 9343K, committed 9536K, reserved 1064960K
  class space    used 629K, committed 704K, reserved 1048576K
}
Event: 5.030 GC heap after
{Heap after GC invocations=46 (full 0):
 garbage-first heap   total 235520K, used 4040K [0x0000000088800000, 0x0000000100000000)
  region size 1024K, 1 young (1024K), 1 survivors (1024K)
 Metaspace       used 9343K, committed 9536K, reserved 1064960K
  class space    used 629K, committed 704K, reserved 1048576K
}
Event: 5.105 GC heap before
{Heap before GC invocations=46 (full 0):
 garbage-first heap   total 235520K, used 144328K [0x0000000088800000, 0x0000000100000000)
  region size 1024K, 138 young (141312K), 1 survivors (1024K)
 Metaspace       used 9344K, committed 9536K, reserved 1064960K
  class space    used 629K, committed 704K, reserved 1048576K
}
Event: 5.106 GC heap after
{Heap after GC invocations=47 (full 0):
 garbage-first heap   total 235520K, used 4040K [0x0000000088800000, 0x0000000100000000)
  region size 1024K, 1 young (1024K), 1 survivors (1024K)
 Metaspace       used 9344K, committed 9536K, reserved 1064960K
  class space    used 629K, committed 704K, reserved 1048576K
}
Event: 5.176 GC heap before
{Heap before GC invocations=47 (full 0):
 garbage-first heap   total 235520K, used 144328K [0x0000000088800000, 0x0000000100000000)
  region size 1024K, 138 young (141312K), 1 survivors (1024K)
 Metaspace       used 9344K, committed 9536K, reserved 1064960K
  class space    used 629K, committed 704K, reserved 1048576K
}
Event: 5.176 GC heap after
{Heap after GC invocations=48 (full 0):
 garbage-first heap   total 235520K, used 4040K [0x0000000088800000, 0x0000000100000000)
  region size 1024K, 1 young (1024K), 1 survivors (1024K)
 Metaspace       used 9344K, committed 9536K, reserved 1064960K
  class space    used 629K, committed 704K, reserved 1048576K
}
Event: 5.253 GC heap before
{Heap before GC invocations=48 (full 0):
 garbage-first heap   total 235520K, used 144328K [0x0000000088800000, 0x0000000100000000)
  region size 1024K, 138 young (141312K), 1 survivors (1024K)
 Metaspace       used 9344K, committed 9536K, reserved 1064960K
  class space    used 629K, committed 704K, reserved 1048576K
}
Event: 5.254 GC heap after
{Heap after GC invocations=49 (full 0):
 garbage-first heap   total 235520K, used 4038K [0x0000000088800000, 0x0000000100000000)
  region size 1024K, 1 young (1024K), 1 survivors (1024K)
 Metaspace       used 9344K, committed 9536K, reserved 1064960K
  class space    used 629K, committed 704K, reserved 1048576K
}
Event: 5.324 GC heap before
{Heap before GC invocations=49 (full 0):
 garbage-first heap   total 235520K, used 144326K [0x0000000088800000, 0x0000000100000000)
  region size 1024K, 138 young (141312K), 1 survivors (1024K)
 Metaspace       used 9344K, committed 9536K, reserved 1064960K
  class space    used 629K, committed 704K, reserved 1048576K
}
Event: 5.324 GC heap after
{Heap after GC invocations=50 (full 0):
 garbage-first heap   total 235520K, used 4040K [0x0000000088800000, 0x0000000100000000)
  region size 1024K, 1 young (1024K), 1 survivors (1024K)
 Metaspace       used 9344K, committed 9536K, reserved 1064960K
  class space    used 629K, committed 704K, reserved 1048576K
}
Event: 5.394 GC heap before
{Heap before GC invocations=50 (full 0):
 garbage-first heap   total 235520K, used 144328K [0x0000000088800000, 0x0000000100000000)
  region size 1024K, 138 young (141312K), 1 survivors (1024K)
 Metaspace       used 9344K, committed 9536K, reserved 1064960K
  class space    used 629K, committed 704K, reserved 1048576K
}
Event: 5.395 GC heap after
{Heap after GC invocations=51 (full 0):
 garbage-first heap   total 235520K, used 4040K [0x0000000088800000, 0x0000000100000000)
  region size 1024K, 1 young (1024K), 1 survivors (1024K)
 Metaspace       used 9344K, committed 9536K, reserved 1064960K
  class space    used 629K, committed 704K, reserved 1048576K
}
Event: 5.471 GC heap before
{Heap before GC invocations=51 (full 0):
 garbage-first heap   total 235520K, used 144328K [0x0000000088800000, 0x0000000100000000)
  region size 1024K, 138 young (141312K), 1 survivors (1024K)
 Metaspace       used 9344K, committed 9536K, reserved 1064960K
  class space    used 629K, committed 704K, reserved 1048576K
}
Event: 5.471 GC heap after
{Heap after GC invocations=52 (full 0):
 garbage-first heap   total 235520K, used 4036K [0x0000000088800000, 0x0000000100000000)
  region size 1024K, 1 young (1024K), 1 survivors (1024K)
 Metaspace       used 9344K, committed 9536K, reserved 1064960K
  class space    used 629K, committed 704K, reserved 1048576K
}
Event: 5.542 GC heap before
{Heap before GC invocations=52 (full 0):
 garbage-first heap   total 235520K, used 144324K [0x0000000088800000, 0x0000000100000000)
  region size 1024K, 138 young (141312K), 1 survivors (1024K)
 Metaspace       used 9344K, committed 9536K, reserved 1064960K
  class space    used 629K, committed 704K, reserved 1048576K
}
Event: 5.543 GC heap after
{Heap after GC invocations=53 (full 0):
 garbage-first heap   total 235520K, used 4040K [0x0000000088800000, 0x0000000100000000)
  region size 1024K, 1 young (1024K), 1 survivors (1024K)
 Metaspace       used 9344K, committed 9536K, reserved 1064960K
  class space    used 629K, committed 704K, reserved 1048576K
}
Event: 5.613 GC heap before
{Heap before GC invocations=53 (full 0):
 garbage-first heap   total 235520K, used 144328K [0x0000000088800000, 0x0000000100000000)
  region size 1024K, 138 young (141312K), 1 survivors (1024K)
 Metaspace       used 9344K, committed 9536K, reserved 1064960K
  class space    used 629K, committed 704K, reserved 1048576K
}
Event: 5.614 GC heap after
{Heap after GC invocations=54 (full 0):
 garbage-first heap   total 235520K, used 4040K [0x0000000088800000, 0x0000000100000000)
  region size 1024K, 1 young (1024K), 1 survivors (1024K)
 Metaspace       used 9344K, committed 9536K, reserved 1064960K
  class space    used 629K, committed 704K, reserved 1048576K
}

