# JRE version: OpenJDK Runtime Environment (16.0.1+9) (build 16.0.1+9-24)
# Java VM: OpenJDK 64-Bit Server VM (16.0.1+9-24, mixed mode, sharing, tiered, compressed oops, compressed class ptrs, g1 gc, linux-amd64)
GC Precious Log:
 CPUs: 8 total, 8 available
 Memory: 7642M
 Large Page Support: Disabled
 NUMA Support: Disabled
 Compressed Oops: Enabled (32-bit)
 Heap Region Size: 1M
 Heap Min Capacity: 8M
 Heap Initial Capacity: 120M
 Heap Max Capacity: 1912M
 Pre-touch: Disabled
 Parallel Workers: 8
 Concurrent Workers: 2
 Concurrent Refinement Workers: 8
 Periodic GC: Disabled
Heap:
 garbage-first heap   total 334848K, used 131290K [0x0000000088800000, 0x0000000100000000)
  region size 1024K, 126 young (129024K), 2 survivors (2048K)
 Metaspace       used 9405K, committed 9536K, reserved 1064960K
  class space    used 629K, committed 704K, reserved 1048576K
GC Heap History (20 events):
Event: 18.357 GC heap before
{Heap before GC invocations=191 (full 0):
 garbage-first heap   total 334848K, used 203812K [0x0000000088800000, 0x0000000100000000)
  region size 1024K, 196 young (200704K), 2 survivors (2048K)
 Metaspace       used 9404K, committed 9536K, reserved 1064960K
  class space    used 629K, committed 704K, reserved 1048576K
}
Event: 18.361 GC heap after
{Heap after GC invocations=192 (full 0):
 garbage-first heap   total 334848K, used 5358K [0x0000000088800000, 0x0000000100000000)
  region size 1024K, 2 young (2048K), 2 survivors (2048K)
 Metaspace       used 9404K, committed 9536K, reserved 1064960K
  class space    used 629K, committed 704K, reserved 1048576K
}
Event: 18.528 GC heap before
{Heap before GC invocations=192 (full 0):
 garbage-first heap   total 334848K, used 204014K [0x0000000088800000, 0x0000000100000000)
  region size 1024K, 196 young (200704K), 2 survivors (2048K)
 Metaspace       used 9404K, committed 9536K, reserved 1064960K
  class space    used 629K, committed 704K, reserved 1048576K
}
Event: 18.532 GC heap after
{Heap after GC invocations=193 (full 0):
 garbage-first heap   total 334848K, used 5307K [0x0000000088800000, 0x0000000100000000)
  region size 1024K, 2 young (2048K), 2 survivors (2048K)
 Metaspace       used 9404K, committed 9536K, reserved 1064960K
  class space    used 629K, committed 704K, reserved 1048576K
}
Event: 18.706 GC heap before
{Heap before GC invocations=193 (full 0):
 garbage-first heap   total 334848K, used 203963K [0x0000000088800000, 0x0000000100000000)
  region size 1024K, 196 young (200704K), 2 survivors (2048K)
 Metaspace       used 9404K, committed 9536K, reserved 1064960K
  class space    used 629K, committed 704K, reserved 1048576K
}
Event: 18.710 GC heap after
{Heap after GC invocations=194 (full 0):
 garbage-first heap   total 334848K, used 5397K [0x0000000088800000, 0x0000000100000000)
  region size 1024K, 2 young (2048K), 2 survivors (2048K)
 Metaspace       used 9404K, committed 9536K, reserved 1064960K
  class space    used 629K, committed 704K, reserved 1048576K
}
Event: 18.872 GC heap before
{Heap before GC invocations=194 (full 0):
 garbage-first heap   total 334848K, used 204053K [0x0000000088800000, 0x0000000100000000)
  region size 1024K, 196 young (200704K), 2 survivors (2048K)
 Metaspace       used 9404K, committed 9536K, reserved 1064960K
  class space    used 629K, committed 704K, reserved 1048576K
}
Event: 18.876 GC heap after
{Heap after GC invocations=195 (full 0):
 garbage-first heap   total 334848K, used 5280K [0x0000000088800000, 0x0000000100000000)
  region size 1024K, 2 young (2048K), 2 survivors (2048K)
 Metaspace       used 9404K, committed 9536K, reserved 1064960K
  class space    used 629K, committed 704K, reserved 1048576K
}
Event: 19.039 GC heap before
{Heap before GC invocations=195 (full 0):
 garbage-first heap   total 334848K, used 203936K [0x0000000088800000, 0x0000000100000000)
  region size 1024K, 196 young (200704K), 2 survivors (2048K)
 Metaspace       used 9404K, committed 9536K, reserved 1064960K
  class space    used 629K, committed 704K, reserved 1048576K
}
Event: 19.043 GC heap after
{Heap after GC invocations=196 (full 0):
 garbage-first heap   total 334848K, used 5339K [0x0000000088800000, 0x0000000100000000)
  region size 1024K, 2 young (2048K), 2 survivors (2048K)
 Metaspace       used 9404K, committed 9536K, reserved 1064960K
  class space    used 629K, committed 704K, reserved 1048576K
}
Event: 19.206 GC heap before
{Heap before GC invocations=196 (full 0):
 garbage-first heap   total 334848K, used 203995K [0x0000000088800000, 0x0000000100000000)
  region size 1024K, 196 young (200704K), 2 survivors (2048K)
 Metaspace       used 9404K, committed 9536K, reserved 1064960K
  class space    used 629K, committed 704K, reserved 1048576K
}
Event: 19.210 GC heap after
{Heap after GC invocations=197 (full 0):
 garbage-first heap   total 334848K, used 5272K [0x0000000088800000, 0x0000000100000000)
  region size 1024K, 2 young (2048K), 2 survivors (2048K)
 Metaspace       used 9404K, committed 9536K, reserved 1064960K
  class space    used 629K, committed 704K, reserved 1048576K
}
Event: 19.374 GC heap before
{Heap before GC invocations=197 (full 0):
 garbage-first heap   total 334848K, used 203928K [0x0000000088800000, 0x0000000100000000)
  region size 1024K, 196 young (200704K), 2 survivors (2048K)
 Metaspace       used 9404K, committed 9536K, reserved 1064960K
  class space    used 629K, committed 704K, reserved 1048576K
}
Event: 19.378 GC heap after
{Heap after GC invocations=198 (full 0):
 garbage-first heap   total 334848K, used 5371K [0x0000000088800000, 0x0000000100000000)
  region size 1024K, 2 young (2048K), 2 survivors (2048K)
 Metaspace       used 9404K, committed 9536K, reserved 1064960K
  class space    used 629K, committed 704K, reserved 1048576K
}
Event: 19.541 GC heap before
{Heap before GC invocations=198 (full 0):
 garbage-first heap   total 334848K, used 204027K [0x0000000088800000, 0x0000000100000000)
  region size 1024K, 196 young (200704K), 2 survivors (2048K)
 Metaspace       used 9404K, committed 9536K, reserved 1064960K
  class space    used 629K, committed 704K, reserved 1048576K
}
Event: 19.545 GC heap after
{Heap after GC invocations=199 (full 0):
 garbage-first heap   total 334848K, used 5371K [0x0000000088800000, 0x0000000100000000)
  region size 1024K, 2 young (2048K), 2 survivors (2048K)
 Metaspace       used 9404K, committed 9536K, reserved 1064960K
  class space    used 629K, committed 704K, reserved 1048576K
}
Event: 19.709 GC heap before
{Heap before GC invocations=199 (full 0):
 garbage-first heap   total 334848K, used 204027K [0x0000000088800000, 0x0000000100000000)
  region size 1024K, 196 young (200704K), 2 survivors (2048K)
 Metaspace       used 9404K, committed 9536K, reserved 1064960K
  class space    used 629K, committed 704K, reserved 1048576K
}
Event: 19.713 GC heap after
{Heap after GC invocations=200 (full 0):
 garbage-first heap   total 334848K, used 5305K [0x0000000088800000, 0x0000000100000000)
  region size 1024K, 2 young (2048K), 2 survivors (2048K)
 Metaspace       used 9404K, committed 9536K, reserved 1064960K
  class space    used 629K, committed 704K, reserved 1048576K
}
Event: 19.876 GC heap before
{Heap before GC invocations=200 (full 0):
 garbage-first heap   total 334848K, used 203961K [0x0000000088800000, 0x0000000100000000)
  region size 1024K, 196 young (200704K), 2 survivors (2048K)
 Metaspace       used 9404K, committed 9536K, reserved 1064960K
  class space    used 629K, committed 704K, reserved 1048576K
}
Event: 19.881 GC heap after
{Heap after GC invocations=201 (full 0):
 garbage-first heap   total 334848K, used 5338K [0x0000000088800000, 0x0000000100000000)
  region size 1024K, 2 young (2048K), 2 survivors (2048K)
 Metaspace       used 9404K, committed 9536K, reserved 1064960K
  class space    used 629K, committed 704K, reserved 1048576K
}

