# JRE version: OpenJDK Runtime Environment (16.0.1+9) (build 16.0.1+9-24)
# Java VM: OpenJDK 64-Bit Server VM (16.0.1+9-24, mixed mode, sharing, tiered, compressed oops, compressed class ptrs, g1 gc, linux-amd64)
Heap:
 garbage-first heap   total 181248K, used 37091K [0x0000000088800000, 0x0000000100000000)
  region size 1024K, 30 young (30720K), 3 survivors (3072K)
 Metaspace       used 7782K, committed 7936K, reserved 1056768K
  class space    used 481K, committed 576K, reserved 1048576K
GC Heap History (20 events):
Event: 0.954 GC heap before
{Heap before GC invocations=2 (full 0):
 garbage-first heap   total 124928K, used 92750K [0x0000000088800000, 0x0000000100000000)
  region size 1024K, 72 young (73728K), 2 survivors (2048K)
 Metaspace       used 7370K, committed 7552K, reserved 1056768K
  class space    used 458K, committed 576K, reserved 1048576K
}
Event: 0.957 GC heap after
{Heap after GC invocations=3 (full 0):
 garbage-first heap   total 124928K, used 8845K [0x0000000088800000, 0x0000000100000000)
  region size 1024K, 2 young (2048K), 2 survivors (2048K)
 Metaspace       used 7370K, committed 7552K, reserved 1056768K
  class space    used 458K, committed 576K, reserved 1048576K
}
Event: 1.066 GC heap before
{Heap before GC invocations=3 (full 0):
 garbage-first heap   total 124928K, used 92813K [0x0000000088800000, 0x0000000100000000)
  region size 1024K, 72 young (73728K), 2 survivors (2048K)
 Metaspace       used 7372K, committed 7552K, reserved 1056768K
  class space    used 458K, committed 576K, reserved 1048576K
}
Event: 1.067 GC heap after
{Heap after GC invocations=4 (full 0):
 garbage-first heap   total 124928K, used 8877K [0x0000000088800000, 0x0000000100000000)
  region size 1024K, 2 young (2048K), 2 survivors (2048K)
 Metaspace       used 7372K, committed 7552K, reserved 1056768K
  class space    used 458K, committed 576K, reserved 1048576K
}
Event: 1.178 GC heap before
{Heap before GC invocations=4 (full 0):
 garbage-first heap   total 124928K, used 92845K [0x0000000088800000, 0x0000000100000000)
  region size 1024K, 72 young (73728K), 2 survivors (2048K)
 Metaspace       used 7621K, committed 7808K, reserved 1056768K
  class space    used 481K, committed 576K, reserved 1048576K
}
Event: 1.180 GC heap after
{Heap after GC invocations=5 (full 0):
 garbage-first heap   total 124928K, used 9315K [0x0000000088800000, 0x0000000100000000)
  region size 1024K, 3 young (3072K), 3 survivors (3072K)
 Metaspace       used 7621K, committed 7808K, reserved 1056768K
  class space    used 481K, committed 576K, reserved 1048576K
}
Event: 1.282 GC heap before
{Heap before GC invocations=5 (full 0):
 garbage-first heap   total 124928K, used 86115K [0x0000000088800000, 0x0000000100000000)
  region size 1024K, 72 young (73728K), 3 survivors (3072K)
 Metaspace       used 7622K, committed 7808K, reserved 1056768K
  class space    used 481K, committed 576K, reserved 1048576K
}
Event: 1.285 GC heap after
{Heap after GC invocations=6 (full 0):
 garbage-first heap   total 150528K, used 9172K [0x0000000088800000, 0x0000000100000000)
  region size 1024K, 2 young (2048K), 2 survivors (2048K)
 Metaspace       used 7622K, committed 7808K, reserved 1056768K
  class space    used 481K, committed 576K, reserved 1048576K
}
Event: 1.446 GC heap before
{Heap before GC invocations=6 (full 0):
 garbage-first heap   total 150528K, used 115668K [0x0000000088800000, 0x0000000100000000)
  region size 1024K, 88 young (90112K), 2 survivors (2048K)
 Metaspace       used 7630K, committed 7808K, reserved 1056768K
  class space    used 481K, committed 576K, reserved 1048576K
}
Event: 1.448 GC heap after
{Heap after GC invocations=7 (full 0):
 garbage-first heap   total 150528K, used 9295K [0x0000000088800000, 0x0000000100000000)
  region size 1024K, 3 young (3072K), 3 survivors (3072K)
 Metaspace       used 7630K, committed 7808K, reserved 1056768K
  class space    used 481K, committed 576K, reserved 1048576K
}
Event: 1.571 GC heap before
{Heap before GC invocations=7 (full 0):
 garbage-first heap   total 150528K, used 108623K [0x0000000088800000, 0x0000000100000000)
  region size 1024K, 88 young (90112K), 3 survivors (3072K)
 Metaspace       used 7632K, committed 7808K, reserved 1056768K
  class space    used 481K, committed 576K, reserved 1048576K
}
Event: 1.573 GC heap after
{Heap after GC invocations=8 (full 0):
 garbage-first heap   total 150528K, used 9421K [0x0000000088800000, 0x0000000100000000)
  region size 1024K, 3 young (3072K), 3 survivors (3072K)
 Metaspace       used 7632K, committed 7808K, reserved 1056768K
  class space    used 481K, committed 576K, reserved 1048576K
}
Event: 1.706 GC heap before
{Heap before GC invocations=8 (full 0):
 garbage-first heap   total 150528K, used 108749K [0x0000000088800000, 0x0000000100000000)
  region size 1024K, 88 young (90112K), 3 survivors (3072K)
 Metaspace       used 7638K, committed 7808K, reserved 1056768K
  class space    used 481K, committed 576K, reserved 1048576K
}
Event: 1.708 GC heap after
{Heap after GC invocations=9 (full 0):
 garbage-first heap   total 150528K, used 9297K [0x0000000088800000, 0x0000000100000000)
  region size 1024K, 3 young (3072K), 3 survivors (3072K)
 Metaspace       used 7638K, committed 7808K, reserved 1056768K
  class space    used 481K, committed 576K, reserved 1048576K
}
Event: 1.825 GC heap before
{Heap before GC invocations=9 (full 0):
 garbage-first heap   total 150528K, used 108625K [0x0000000088800000, 0x0000000100000000)
  region size 1024K, 88 young (90112K), 3 survivors (3072K)
 Metaspace       used 7650K, committed 7808K, reserved 1056768K
  class space    used 481K, committed 576K, reserved 1048576K
}
Event: 1.827 GC heap after
{Heap after GC invocations=10 (full 0):
 garbage-first heap   total 181248K, used 9418K [0x0000000088800000, 0x0000000100000000)
  region size 1024K, 3 young (3072K), 3 survivors (3072K)
 Metaspace       used 7650K, committed 7808K, reserved 1056768K
  class space    used 481K, committed 576K, reserved 1048576K
}
Event: 1.983 GC heap before
{Heap before GC invocations=10 (full 0):
 garbage-first heap   total 181248K, used 133322K [0x0000000088800000, 0x0000000100000000)
  region size 1024K, 106 young (108544K), 3 survivors (3072K)
 Metaspace       used 7654K, committed 7808K, reserved 1056768K
  class space    used 481K, committed 576K, reserved 1048576K
}
Event: 1.985 GC heap after
{Heap after GC invocations=11 (full 0):
 garbage-first heap   total 181248K, used 9359K [0x0000000088800000, 0x0000000100000000)
  region size 1024K, 3 young (3072K), 3 survivors (3072K)
 Metaspace       used 7654K, committed 7808K, reserved 1056768K
  class space    used 481K, committed 576K, reserved 1048576K
}
Event: 2.145 GC heap before
{Heap before GC invocations=11 (full 0):
 garbage-first heap   total 181248K, used 133263K [0x0000000088800000, 0x0000000100000000)
  region size 1024K, 106 young (108544K), 3 survivors (3072K)
 Metaspace       used 7659K, committed 7808K, reserved 1056768K
  class space    used 481K, committed 576K, reserved 1048576K
}
Event: 2.147 GC heap after
{Heap after GC invocations=12 (full 0):
 garbage-first heap   total 181248K, used 9443K [0x0000000088800000, 0x0000000100000000)
  region size 1024K, 3 young (3072K), 3 survivors (3072K)
 Metaspace       used 7659K, committed 7808K, reserved 1056768K
  class space    used 481K, committed 576K, reserved 1048576K
}

