# JRE version: OpenJDK Runtime Environment (16.0.1+9) (build 16.0.1+9-24)
# Java VM: OpenJDK 64-Bit Server VM (16.0.1+9-24, mixed mode, sharing, tiered, compressed oops, compressed class ptrs, g1 gc, linux-amd64)
GC Precious Log:
 CPUs: 8 total, 8 available
 Memory: 7642M
 Large Page Support: Disabled
 NUMA Support: Disabled
 Compressed Oops: Enabled (32-bit)
 Heap Region Size: 1M
 Heap Min Capacity: 8M
 Heap Initial Capacity: 120M
 Heap Max Capacity: 1912M
 Pre-touch: Disabled
 Parallel Workers: 8
 Concurrent Workers: 2
 Concurrent Refinement Workers: 8
 Periodic GC: Disabled
Heap:
 garbage-first heap   total 322560K, used 148205K [0x0000000088800000, 0x0000000100000000)
  region size 1024K, 142 young (145408K), 2 survivors (2048K)
 Metaspace       used 9424K, committed 9536K, reserved 1064960K
  class space    used 630K, committed 704K, reserved 1048576K
GC Heap History (20 events):
Event: 14.037 GC heap before
{Heap before GC invocations=155 (full 0):
 garbage-first heap   total 322560K, used 196653K [0x0000000088800000, 0x0000000100000000)
  region size 1024K, 189 young (193536K), 2 survivors (2048K)
 Metaspace       used 9423K, committed 9536K, reserved 1064960K
  class space    used 630K, committed 704K, reserved 1048576K
}
Event: 14.041 GC heap after
{Heap after GC invocations=156 (full 0):
 garbage-first heap   total 322560K, used 5032K [0x0000000088800000, 0x0000000100000000)
  region size 1024K, 1 young (1024K), 1 survivors (1024K)
 Metaspace       used 9423K, committed 9536K, reserved 1064960K
  class space    used 630K, committed 704K, reserved 1048576K
}
Event: 14.222 GC heap before
{Heap before GC invocations=156 (full 0):
 garbage-first heap   total 322560K, used 197544K [0x0000000088800000, 0x0000000100000000)
  region size 1024K, 189 young (193536K), 1 survivors (1024K)
 Metaspace       used 9423K, committed 9536K, reserved 1064960K
  class space    used 630K, committed 704K, reserved 1048576K
}
Event: 14.226 GC heap after
{Heap after GC invocations=157 (full 0):
 garbage-first heap   total 322560K, used 5116K [0x0000000088800000, 0x0000000100000000)
  region size 1024K, 2 young (2048K), 2 survivors (2048K)
 Metaspace       used 9423K, committed 9536K, reserved 1064960K
  class space    used 630K, committed 704K, reserved 1048576K
}
Event: 14.405 GC heap before
{Heap before GC invocations=157 (full 0):
 garbage-first heap   total 322560K, used 196604K [0x0000000088800000, 0x0000000100000000)
  region size 1024K, 189 young (193536K), 2 survivors (2048K)
 Metaspace       used 9423K, committed 9536K, reserved 1064960K
  class space    used 630K, committed 704K, reserved 1048576K
}
Event: 14.408 GC heap after
{Heap after GC invocations=158 (full 0):
 garbage-first heap   total 322560K, used 5088K [0x0000000088800000, 0x0000000100000000)
  region size 1024K, 2 young (2048K), 2 survivors (2048K)
 Metaspace       used 9423K, committed 9536K, reserved 1064960K
  class space    used 630K, committed 704K, reserved 1048576K
}
Event: 14.588 GC heap before
{Heap before GC invocations=158 (full 0):
 garbage-first heap   total 322560K, used 196576K [0x0000000088800000, 0x0000000100000000)
  region size 1024K, 189 young (193536K), 2 survivors (2048K)
 Metaspace       used 9423K, committed 9536K, reserved 1064960K
  class space    used 630K, committed 704K, reserved 1048576K
}
Event: 14.591 GC heap after
{Heap after GC invocations=159 (full 0):
 garbage-first heap   total 322560K, used 5118K [0x0000000088800000, 0x0000000100000000)
  region size 1024K, 2 young (2048K), 2 survivors (2048K)
 Metaspace       used 9423K, committed 9536K, reserved 1064960K
  class space    used 630K, committed 704K, reserved 1048576K
}
Event: 14.820 GC heap before
{Heap before GC invocations=159 (full 0):
 garbage-first heap   total 322560K, used 196606K [0x0000000088800000, 0x0000000100000000)
  region size 1024K, 189 young (193536K), 2 survivors (2048K)
 Metaspace       used 9423K, committed 9536K, reserved 1064960K
  class space    used 630K, committed 704K, reserved 1048576K
}
Event: 14.824 GC heap after
{Heap after GC invocations=160 (full 0):
 garbage-first heap   total 322560K, used 5382K [0x0000000088800000, 0x0000000100000000)
  region size 1024K, 2 young (2048K), 2 survivors (2048K)
 Metaspace       used 9423K, committed 9536K, reserved 1064960K
  class space    used 630K, committed 704K, reserved 1048576K
}
Event: 15.053 GC heap before
{Heap before GC invocations=160 (full 0):
 garbage-first heap   total 322560K, used 196870K [0x0000000088800000, 0x0000000100000000)
  region size 1024K, 189 young (193536K), 2 survivors (2048K)
 Metaspace       used 9423K, committed 9536K, reserved 1064960K
  class space    used 630K, committed 704K, reserved 1048576K
}
Event: 15.058 GC heap after
{Heap after GC invocations=161 (full 0):
 garbage-first heap   total 322560K, used 5444K [0x0000000088800000, 0x0000000100000000)
  region size 1024K, 2 young (2048K), 2 survivors (2048K)
 Metaspace       used 9423K, committed 9536K, reserved 1064960K
  class space    used 630K, committed 704K, reserved 1048576K
}
Event: 15.303 GC heap before
{Heap before GC invocations=161 (full 0):
 garbage-first heap   total 322560K, used 196932K [0x0000000088800000, 0x0000000100000000)
  region size 1024K, 189 young (193536K), 2 survivors (2048K)
 Metaspace       used 9423K, committed 9536K, reserved 1064960K
  class space    used 630K, committed 704K, reserved 1048576K
}
Event: 15.307 GC heap after
{Heap after GC invocations=162 (full 0):
 garbage-first heap   total 322560K, used 5463K [0x0000000088800000, 0x0000000100000000)
  region size 1024K, 2 young (2048K), 2 survivors (2048K)
 Metaspace       used 9423K, committed 9536K, reserved 1064960K
  class space    used 630K, committed 704K, reserved 1048576K
}
Event: 15.570 GC heap before
{Heap before GC invocations=162 (full 0):
 garbage-first heap   total 322560K, used 196951K [0x0000000088800000, 0x0000000100000000)
  region size 1024K, 189 young (193536K), 2 survivors (2048K)
 Metaspace       used 9423K, committed 9536K, reserved 1064960K
  class space    used 630K, committed 704K, reserved 1048576K
}
Event: 15.575 GC heap after
{Heap after GC invocations=163 (full 0):
 garbage-first heap   total 322560K, used 5644K [0x0000000088800000, 0x0000000100000000)
  region size 1024K, 2 young (2048K), 2 survivors (2048K)
 Metaspace       used 9423K, committed 9536K, reserved 1064960K
  class space    used 630K, committed 704K, reserved 1048576K
}
Event: 15.901 GC heap before
{Heap before GC invocations=163 (full 0):
 garbage-first heap   total 322560K, used 197132K [0x0000000088800000, 0x0000000100000000)
  region size 1024K, 189 young (193536K), 2 survivors (2048K)
 Metaspace       used 9423K, committed 9536K, reserved 1064960K
  class space    used 630K, committed 704K, reserved 1048576K
}
Event: 15.907 GC heap after
{Heap after GC invocations=164 (full 0):
 garbage-first heap   total 322560K, used 5975K [0x0000000088800000, 0x0000000100000000)
  region size 1024K, 2 young (2048K), 2 survivors (2048K)
 Metaspace       used 9423K, committed 9536K, reserved 1064960K
  class space    used 630K, committed 704K, reserved 1048576K
}
Event: 16.220 GC heap before
{Heap before GC invocations=164 (full 0):
 garbage-first heap   total 322560K, used 197463K [0x0000000088800000, 0x0000000100000000)
  region size 1024K, 189 young (193536K), 2 survivors (2048K)
 Metaspace       used 9423K, committed 9536K, reserved 1064960K
  class space    used 630K, committed 704K, reserved 1048576K
}
Event: 16.226 GC heap after
{Heap after GC invocations=165 (full 0):
 garbage-first heap   total 322560K, used 5869K [0x0000000088800000, 0x0000000100000000)
  region size 1024K, 2 young (2048K), 2 survivors (2048K)
 Metaspace       used 9423K, committed 9536K, reserved 1064960K
  class space    used 630K, committed 704K, reserved 1048576K
}

