# JRE version: OpenJDK Runtime Environment (16.0.1+9) (build 16.0.1+9-24)
# Java VM: OpenJDK 64-Bit Server VM (16.0.1+9-24, mixed mode, sharing, tiered, compressed oops, compressed class ptrs, g1 gc, linux-amd64)
Heap:
 garbage-first heap   total 181248K, used 32819K [0x0000000088800000, 0x0000000100000000)
  region size 1024K, 27 young (27648K), 3 survivors (3072K)
 Metaspace       used 7668K, committed 7808K, reserved 1056768K
  class space    used 482K, committed 576K, reserved 1048576K
GC Heap History (20 events):
Event: 0.972 GC heap before
{Heap before GC invocations=2 (full 0):
 garbage-first heap   total 124928K, used 92747K [0x0000000088800000, 0x0000000100000000)
  region size 1024K, 72 young (73728K), 2 survivors (2048K)
 Metaspace       used 7370K, committed 7552K, reserved 1056768K
  class space    used 458K, committed 576K, reserved 1048576K
}
Event: 0.974 GC heap after
{Heap after GC invocations=3 (full 0):
 garbage-first heap   total 124928K, used 8850K [0x0000000088800000, 0x0000000100000000)
  region size 1024K, 2 young (2048K), 2 survivors (2048K)
 Metaspace       used 7370K, committed 7552K, reserved 1056768K
  class space    used 458K, committed 576K, reserved 1048576K
}
Event: 1.086 GC heap before
{Heap before GC invocations=3 (full 0):
 garbage-first heap   total 124928K, used 92818K [0x0000000088800000, 0x0000000100000000)
  region size 1024K, 72 young (73728K), 2 survivors (2048K)
 Metaspace       used 7372K, committed 7552K, reserved 1056768K
  class space    used 458K, committed 576K, reserved 1048576K
}
Event: 1.089 GC heap after
{Heap after GC invocations=4 (full 0):
 garbage-first heap   total 124928K, used 8862K [0x0000000088800000, 0x0000000100000000)
  region size 1024K, 2 young (2048K), 2 survivors (2048K)
 Metaspace       used 7372K, committed 7552K, reserved 1056768K
  class space    used 458K, committed 576K, reserved 1048576K
}
Event: 1.198 GC heap before
{Heap before GC invocations=4 (full 0):
 garbage-first heap   total 124928K, used 92830K [0x0000000088800000, 0x0000000100000000)
  region size 1024K, 72 young (73728K), 2 survivors (2048K)
 Metaspace       used 7619K, committed 7808K, reserved 1056768K
  class space    used 481K, committed 576K, reserved 1048576K
}
Event: 1.201 GC heap after
{Heap after GC invocations=5 (full 0):
 garbage-first heap   total 124928K, used 9317K [0x0000000088800000, 0x0000000100000000)
  region size 1024K, 3 young (3072K), 3 survivors (3072K)
 Metaspace       used 7619K, committed 7808K, reserved 1056768K
  class space    used 481K, committed 576K, reserved 1048576K
}
Event: 1.299 GC heap before
{Heap before GC invocations=5 (full 0):
 garbage-first heap   total 124928K, used 86117K [0x0000000088800000, 0x0000000100000000)
  region size 1024K, 72 young (73728K), 3 survivors (3072K)
 Metaspace       used 7620K, committed 7808K, reserved 1056768K
  class space    used 481K, committed 576K, reserved 1048576K
}
Event: 1.301 GC heap after
{Heap after GC invocations=6 (full 0):
 garbage-first heap   total 150528K, used 9348K [0x0000000088800000, 0x0000000100000000)
  region size 1024K, 3 young (3072K), 3 survivors (3072K)
 Metaspace       used 7620K, committed 7808K, reserved 1056768K
  class space    used 481K, committed 576K, reserved 1048576K
}
Event: 1.455 GC heap before
{Heap before GC invocations=6 (full 0):
 garbage-first heap   total 150528K, used 114820K [0x0000000088800000, 0x0000000100000000)
  region size 1024K, 88 young (90112K), 3 survivors (3072K)
 Metaspace       used 7630K, committed 7808K, reserved 1056768K
  class space    used 481K, committed 576K, reserved 1048576K
}
Event: 1.457 GC heap after
{Heap after GC invocations=7 (full 0):
 garbage-first heap   total 150528K, used 9416K [0x0000000088800000, 0x0000000100000000)
  region size 1024K, 3 young (3072K), 3 survivors (3072K)
 Metaspace       used 7630K, committed 7808K, reserved 1056768K
  class space    used 481K, committed 576K, reserved 1048576K
}
Event: 1.572 GC heap before
{Heap before GC invocations=7 (full 0):
 garbage-first heap   total 150528K, used 108744K [0x0000000088800000, 0x0000000100000000)
  region size 1024K, 88 young (90112K), 3 survivors (3072K)
 Metaspace       used 7632K, committed 7808K, reserved 1056768K
  class space    used 481K, committed 576K, reserved 1048576K
}
Event: 1.574 GC heap after
{Heap after GC invocations=8 (full 0):
 garbage-first heap   total 150528K, used 9418K [0x0000000088800000, 0x0000000100000000)
  region size 1024K, 3 young (3072K), 3 survivors (3072K)
 Metaspace       used 7632K, committed 7808K, reserved 1056768K
  class space    used 481K, committed 576K, reserved 1048576K
}
Event: 1.701 GC heap before
{Heap before GC invocations=8 (full 0):
 garbage-first heap   total 150528K, used 108746K [0x0000000088800000, 0x0000000100000000)
  region size 1024K, 88 young (90112K), 3 survivors (3072K)
 Metaspace       used 7637K, committed 7808K, reserved 1056768K
  class space    used 481K, committed 576K, reserved 1048576K
}
Event: 1.703 GC heap after
{Heap after GC invocations=9 (full 0):
 garbage-first heap   total 150528K, used 9294K [0x0000000088800000, 0x0000000100000000)
  region size 1024K, 3 young (3072K), 3 survivors (3072K)
 Metaspace       used 7637K, committed 7808K, reserved 1056768K
  class space    used 481K, committed 576K, reserved 1048576K
}
Event: 1.820 GC heap before
{Heap before GC invocations=9 (full 0):
 garbage-first heap   total 150528K, used 108622K [0x0000000088800000, 0x0000000100000000)
  region size 1024K, 88 young (90112K), 3 survivors (3072K)
 Metaspace       used 7650K, committed 7808K, reserved 1056768K
  class space    used 481K, committed 576K, reserved 1048576K
}
Event: 1.822 GC heap after
{Heap after GC invocations=10 (full 0):
 garbage-first heap   total 181248K, used 9421K [0x0000000088800000, 0x0000000100000000)
  region size 1024K, 3 young (3072K), 3 survivors (3072K)
 Metaspace       used 7650K, committed 7808K, reserved 1056768K
  class space    used 481K, committed 576K, reserved 1048576K
}
Event: 1.984 GC heap before
{Heap before GC invocations=10 (full 0):
 garbage-first heap   total 181248K, used 133325K [0x0000000088800000, 0x0000000100000000)
  region size 1024K, 106 young (108544K), 3 survivors (3072K)
 Metaspace       used 7656K, committed 7808K, reserved 1056768K
  class space    used 481K, committed 576K, reserved 1048576K
}
Event: 1.986 GC heap after
{Heap after GC invocations=11 (full 0):
 garbage-first heap   total 181248K, used 9356K [0x0000000088800000, 0x0000000100000000)
  region size 1024K, 3 young (3072K), 3 survivors (3072K)
 Metaspace       used 7656K, committed 7808K, reserved 1056768K
  class space    used 481K, committed 576K, reserved 1048576K
}
Event: 2.146 GC heap before
{Heap before GC invocations=11 (full 0):
 garbage-first heap   total 181248K, used 133260K [0x0000000088800000, 0x0000000100000000)
  region size 1024K, 106 young (108544K), 3 survivors (3072K)
 Metaspace       used 7660K, committed 7808K, reserved 1056768K
  class space    used 481K, committed 576K, reserved 1048576K
}
Event: 2.148 GC heap after
{Heap after GC invocations=12 (full 0):
 garbage-first heap   total 181248K, used 9265K [0x0000000088800000, 0x0000000100000000)
  region size 1024K, 3 young (3072K), 3 survivors (3072K)
 Metaspace       used 7660K, committed 7808K, reserved 1056768K
  class space    used 481K, committed 576K, reserved 1048576K
}

