# JRE version: OpenJDK Runtime Environment (16.0.1+9) (build 16.0.1+9-24)
# Java VM: OpenJDK 64-Bit Server VM (16.0.1+9-24, mixed mode, sharing, tiered, compressed oops, compressed class ptrs, g1 gc, linux-amd64)
GC Precious Log:
 CPUs: 8 total, 8 available
 Memory: 7642M
 Large Page Support: Disabled
 NUMA Support: Disabled
 Compressed Oops: Enabled (32-bit)
 Heap Region Size: 1M
 Heap Min Capacity: 8M
 Heap Initial Capacity: 120M
 Heap Max Capacity: 1912M
 Pre-touch: Disabled
 Parallel Workers: 8
 Concurrent Workers: 2
 Concurrent Refinement Workers: 8
 Periodic GC: Disabled
Heap:
 garbage-first heap   total 408576K, used 160687K [0x0000000088800000, 0x0000000100000000)
  region size 1024K, 154 young (157696K), 1 survivors (1024K)
 Metaspace       used 9416K, committed 9536K, reserved 1064960K
  class space    used 629K, committed 704K, reserved 1048576K
GC Heap History (20 events):
Event: 32.215 GC heap before
{Heap before GC invocations=238 (full 0):
 garbage-first heap   total 408576K, used 248716K [0x0000000088800000, 0x0000000100000000)
  region size 1024K, 239 young (244736K), 1 survivors (1024K)
 Metaspace       used 9415K, committed 9536K, reserved 1064960K
  class space    used 629K, committed 704K, reserved 1048576K
}
Event: 32.218 GC heap after
{Heap after GC invocations=239 (full 0):
 garbage-first heap   total 408576K, used 5033K [0x0000000088800000, 0x0000000100000000)
  region size 1024K, 1 young (1024K), 1 survivors (1024K)
 Metaspace       used 9415K, committed 9536K, reserved 1064960K
  class space    used 629K, committed 704K, reserved 1048576K
}
Event: 32.349 GC heap before
{Heap before GC invocations=239 (full 0):
 garbage-first heap   total 408576K, used 248745K [0x0000000088800000, 0x0000000100000000)
  region size 1024K, 239 young (244736K), 1 survivors (1024K)
 Metaspace       used 9415K, committed 9536K, reserved 1064960K
  class space    used 629K, committed 704K, reserved 1048576K
}
Event: 32.352 GC heap after
{Heap after GC invocations=240 (full 0):
 garbage-first heap   total 408576K, used 5060K [0x0000000088800000, 0x0000000100000000)
  region size 1024K, 1 young (1024K), 1 survivors (1024K)
 Metaspace       used 9415K, committed 9536K, reserved 1064960K
  class space    used 629K, committed 704K, reserved 1048576K
}
Event: 32.483 GC heap before
{Heap before GC invocations=240 (full 0):
 garbage-first heap   total 408576K, used 248772K [0x0000000088800000, 0x0000000100000000)
  region size 1024K, 239 young (244736K), 1 survivors (1024K)
 Metaspace       used 9415K, committed 9536K, reserved 1064960K
  class space    used 629K, committed 704K, reserved 1048576K
}
Event: 32.487 GC heap after
{Heap after GC invocations=241 (full 0):
 garbage-first heap   total 408576K, used 5018K [0x0000000088800000, 0x0000000100000000)
  region size 1024K, 1 young (1024K), 1 survivors (1024K)
 Metaspace       used 9415K, committed 9536K, reserved 1064960K
  class space    used 629K, committed 704K, reserved 1048576K
}
Event: 32.617 GC heap before
{Heap before GC invocations=241 (full 0):
 garbage-first heap   total 408576K, used 248730K [0x0000000088800000, 0x0000000100000000)
  region size 1024K, 239 young (244736K), 1 survivors (1024K)
 Metaspace       used 9415K, committed 9536K, reserved 1064960K
  class space    used 629K, committed 704K, reserved 1048576K
}
Event: 32.621 GC heap after
{Heap after GC invocations=242 (full 0):
 garbage-first heap   total 408576K, used 5086K [0x0000000088800000, 0x0000000100000000)
  region size 1024K, 1 young (1024K), 1 survivors (1024K)
 Metaspace       used 9415K, committed 9536K, reserved 1064960K
  class space    used 629K, committed 704K, reserved 1048576K
}
Event: 32.751 GC heap before
{Heap before GC invocations=242 (full 0):
 garbage-first heap   total 408576K, used 248798K [0x0000000088800000, 0x0000000100000000)
  region size 1024K, 239 young (244736K), 1 survivors (1024K)
 Metaspace       used 9415K, committed 9536K, reserved 1064960K
  class space    used 629K, committed 704K, reserved 1048576K
}
Event: 32.755 GC heap after
{Heap after GC invocations=243 (full 0):
 garbage-first heap   total 408576K, used 5020K [0x0000000088800000, 0x0000000100000000)
  region size 1024K, 1 young (1024K), 1 survivors (1024K)
 Metaspace       used 9415K, committed 9536K, reserved 1064960K
  class space    used 629K, committed 704K, reserved 1048576K
}
Event: 32.885 GC heap before
{Heap before GC invocations=243 (full 0):
 garbage-first heap   total 408576K, used 248732K [0x0000000088800000, 0x0000000100000000)
  region size 1024K, 239 young (244736K), 1 survivors (1024K)
 Metaspace       used 9415K, committed 9536K, reserved 1064960K
  class space    used 629K, committed 704K, reserved 1048576K
}
Event: 32.889 GC heap after
{Heap after GC invocations=244 (full 0):
 garbage-first heap   total 408576K, used 5021K [0x0000000088800000, 0x0000000100000000)
  region size 1024K, 1 young (1024K), 1 survivors (1024K)
 Metaspace       used 9415K, committed 9536K, reserved 1064960K
  class space    used 629K, committed 704K, reserved 1048576K
}
Event: 33.019 GC heap before
{Heap before GC invocations=244 (full 0):
 garbage-first heap   total 408576K, used 248733K [0x0000000088800000, 0x0000000100000000)
  region size 1024K, 239 young (244736K), 1 survivors (1024K)
 Metaspace       used 9415K, committed 9536K, reserved 1064960K
  class space    used 629K, committed 704K, reserved 1048576K
}
Event: 33.022 GC heap after
{Heap after GC invocations=245 (full 0):
 garbage-first heap   total 408576K, used 5048K [0x0000000088800000, 0x0000000100000000)
  region size 1024K, 1 young (1024K), 1 survivors (1024K)
 Metaspace       used 9415K, committed 9536K, reserved 1064960K
  class space    used 629K, committed 704K, reserved 1048576K
}
Event: 33.152 GC heap before
{Heap before GC invocations=245 (full 0):
 garbage-first heap   total 408576K, used 248760K [0x0000000088800000, 0x0000000100000000)
  region size 1024K, 239 young (244736K), 1 survivors (1024K)
 Metaspace       used 9415K, committed 9536K, reserved 1064960K
  class space    used 629K, committed 704K, reserved 1048576K
}
Event: 33.155 GC heap after
{Heap after GC invocations=246 (full 0):
 garbage-first heap   total 408576K, used 5041K [0x0000000088800000, 0x0000000100000000)
  region size 1024K, 1 young (1024K), 1 survivors (1024K)
 Metaspace       used 9415K, committed 9536K, reserved 1064960K
  class space    used 629K, committed 704K, reserved 1048576K
}
Event: 33.285 GC heap before
{Heap before GC invocations=246 (full 0):
 garbage-first heap   total 408576K, used 248753K [0x0000000088800000, 0x0000000100000000)
  region size 1024K, 239 young (244736K), 1 survivors (1024K)
 Metaspace       used 9415K, committed 9536K, reserved 1064960K
  class space    used 629K, committed 704K, reserved 1048576K
}
Event: 33.288 GC heap after
{Heap after GC invocations=247 (full 0):
 garbage-first heap   total 408576K, used 5019K [0x0000000088800000, 0x0000000100000000)
  region size 1024K, 1 young (1024K), 1 survivors (1024K)
 Metaspace       used 9415K, committed 9536K, reserved 1064960K
  class space    used 629K, committed 704K, reserved 1048576K
}
Event: 33.418 GC heap before
{Heap before GC invocations=247 (full 0):
 garbage-first heap   total 408576K, used 248731K [0x0000000088800000, 0x0000000100000000)
  region size 1024K, 239 young (244736K), 1 survivors (1024K)
 Metaspace       used 9415K, committed 9536K, reserved 1064960K
  class space    used 629K, committed 704K, reserved 1048576K
}
Event: 33.421 GC heap after
{Heap after GC invocations=248 (full 0):
 garbage-first heap   total 408576K, used 5039K [0x0000000088800000, 0x0000000100000000)
  region size 1024K, 1 young (1024K), 1 survivors (1024K)
 Metaspace       used 9415K, committed 9536K, reserved 1064960K
  class space    used 629K, committed 704K, reserved 1048576K
}

