# JRE version: OpenJDK Runtime Environment (16.0.1+9) (build 16.0.1+9-24)
# Java VM: OpenJDK 64-Bit Server VM (16.0.1+9-24, mixed mode, sharing, tiered, compressed oops, compressed class ptrs, g1 gc, linux-amd64)
GC Precious Log:
 CPUs: 8 total, 8 available
 Memory: 7642M
 Large Page Support: Disabled
 NUMA Support: Disabled
 Compressed Oops: Enabled (32-bit)
 Heap Region Size: 1M
 Heap Min Capacity: 8M
 Heap Initial Capacity: 120M
 Heap Max Capacity: 1912M
 Pre-touch: Disabled
 Parallel Workers: 8
 Concurrent Workers: 2
 Concurrent Refinement Workers: 8
 Periodic GC: Disabled
Heap:
 garbage-first heap   total 527360K, used 195217K [0x0000000088800000, 0x0000000100000000)
  region size 1024K, 146 young (149504K), 2 survivors (2048K)
 Metaspace       used 9413K, committed 9536K, reserved 1064960K
  class space    used 629K, committed 704K, reserved 1048576K
GC Heap History (20 events):
Event: 27.209 GC heap before
{Heap before GC invocations=154 (full 0):
 garbage-first heap   total 527360K, used 363399K [0x0000000088800000, 0x0000000100000000)
  region size 1024K, 309 young (316416K), 2 survivors (2048K)
 Metaspace       used 9413K, committed 9536K, reserved 1064960K
  class space    used 629K, committed 704K, reserved 1048576K
}
Event: 27.214 GC heap after
{Heap after GC invocations=155 (full 0):
 garbage-first heap   total 527360K, used 49022K [0x0000000088800000, 0x0000000100000000)
  region size 1024K, 2 young (2048K), 2 survivors (2048K)
 Metaspace       used 9413K, committed 9536K, reserved 1064960K
  class space    used 629K, committed 704K, reserved 1048576K
}
Event: 27.388 GC heap before
{Heap before GC invocations=155 (full 0):
 garbage-first heap   total 527360K, used 363390K [0x0000000088800000, 0x0000000100000000)
  region size 1024K, 309 young (316416K), 2 survivors (2048K)
 Metaspace       used 9413K, committed 9536K, reserved 1064960K
  class space    used 629K, committed 704K, reserved 1048576K
}
Event: 27.395 GC heap after
{Heap after GC invocations=156 (full 0):
 garbage-first heap   total 527360K, used 49590K [0x0000000088800000, 0x0000000100000000)
  region size 1024K, 3 young (3072K), 3 survivors (3072K)
 Metaspace       used 9413K, committed 9536K, reserved 1064960K
  class space    used 629K, committed 704K, reserved 1048576K
}
Event: 27.557 GC heap before
{Heap before GC invocations=156 (full 0):
 garbage-first heap   total 527360K, used 362934K [0x0000000088800000, 0x0000000100000000)
  region size 1024K, 309 young (316416K), 3 survivors (3072K)
 Metaspace       used 9413K, committed 9536K, reserved 1064960K
  class space    used 629K, committed 704K, reserved 1048576K
}
Event: 27.563 GC heap after
{Heap after GC invocations=157 (full 0):
 garbage-first heap   total 527360K, used 48959K [0x0000000088800000, 0x0000000100000000)
  region size 1024K, 2 young (2048K), 2 survivors (2048K)
 Metaspace       used 9413K, committed 9536K, reserved 1064960K
  class space    used 629K, committed 704K, reserved 1048576K
}
Event: 27.722 GC heap before
{Heap before GC invocations=157 (full 0):
 garbage-first heap   total 527360K, used 363327K [0x0000000088800000, 0x0000000100000000)
  region size 1024K, 309 young (316416K), 2 survivors (2048K)
 Metaspace       used 9413K, committed 9536K, reserved 1064960K
  class space    used 629K, committed 704K, reserved 1048576K
}
Event: 27.727 GC heap after
{Heap after GC invocations=158 (full 0):
 garbage-first heap   total 527360K, used 48894K [0x0000000088800000, 0x0000000100000000)
  region size 1024K, 2 young (2048K), 2 survivors (2048K)
 Metaspace       used 9413K, committed 9536K, reserved 1064960K
  class space    used 629K, committed 704K, reserved 1048576K
}
Event: 27.900 GC heap before
{Heap before GC invocations=158 (full 0):
 garbage-first heap   total 527360K, used 363262K [0x0000000088800000, 0x0000000100000000)
  region size 1024K, 309 young (316416K), 2 survivors (2048K)
 Metaspace       used 9413K, committed 9536K, reserved 1064960K
  class space    used 629K, committed 704K, reserved 1048576K
}
Event: 27.906 GC heap after
{Heap after GC invocations=159 (full 0):
 garbage-first heap   total 527360K, used 49491K [0x0000000088800000, 0x0000000100000000)
  region size 1024K, 2 young (2048K), 2 survivors (2048K)
 Metaspace       used 9413K, committed 9536K, reserved 1064960K
  class space    used 629K, committed 704K, reserved 1048576K
}
Event: 28.068 GC heap before
{Heap before GC invocations=159 (full 0):
 garbage-first heap   total 527360K, used 363859K [0x0000000088800000, 0x0000000100000000)
  region size 1024K, 309 young (316416K), 2 survivors (2048K)
 Metaspace       used 9413K, committed 9536K, reserved 1064960K
  class space    used 629K, committed 704K, reserved 1048576K
}
Event: 28.073 GC heap after
{Heap after GC invocations=160 (full 0):
 garbage-first heap   total 527360K, used 48890K [0x0000000088800000, 0x0000000100000000)
  region size 1024K, 2 young (2048K), 2 survivors (2048K)
 Metaspace       used 9413K, committed 9536K, reserved 1064960K
  class space    used 629K, committed 704K, reserved 1048576K
}
Event: 28.245 GC heap before
{Heap before GC invocations=160 (full 0):
 garbage-first heap   total 527360K, used 363258K [0x0000000088800000, 0x0000000100000000)
  region size 1024K, 309 young (316416K), 2 survivors (2048K)
 Metaspace       used 9413K, committed 9536K, reserved 1064960K
  class space    used 629K, committed 704K, reserved 1048576K
}
Event: 28.251 GC heap after
{Heap after GC invocations=161 (full 0):
 garbage-first heap   total 527360K, used 49415K [0x0000000088800000, 0x0000000100000000)
  region size 1024K, 2 young (2048K), 2 survivors (2048K)
 Metaspace       used 9413K, committed 9536K, reserved 1064960K
  class space    used 629K, committed 704K, reserved 1048576K
}
Event: 28.412 GC heap before
{Heap before GC invocations=161 (full 0):
 garbage-first heap   total 527360K, used 363783K [0x0000000088800000, 0x0000000100000000)
  region size 1024K, 309 young (316416K), 2 survivors (2048K)
 Metaspace       used 9413K, committed 9536K, reserved 1064960K
  class space    used 629K, committed 704K, reserved 1048576K
}
Event: 28.417 GC heap after
{Heap after GC invocations=162 (full 0):
 garbage-first heap   total 527360K, used 48836K [0x0000000088800000, 0x0000000100000000)
  region size 1024K, 2 young (2048K), 2 survivors (2048K)
 Metaspace       used 9413K, committed 9536K, reserved 1064960K
  class space    used 629K, committed 704K, reserved 1048576K
}
Event: 28.588 GC heap before
{Heap before GC invocations=162 (full 0):
 garbage-first heap   total 527360K, used 363204K [0x0000000088800000, 0x0000000100000000)
  region size 1024K, 309 young (316416K), 2 survivors (2048K)
 Metaspace       used 9413K, committed 9536K, reserved 1064960K
  class space    used 629K, committed 704K, reserved 1048576K
}
Event: 28.594 GC heap after
{Heap after GC invocations=163 (full 0):
 garbage-first heap   total 527360K, used 49315K [0x0000000088800000, 0x0000000100000000)
  region size 1024K, 2 young (2048K), 2 survivors (2048K)
 Metaspace       used 9413K, committed 9536K, reserved 1064960K
  class space    used 629K, committed 704K, reserved 1048576K
}
Event: 28.755 GC heap before
{Heap before GC invocations=163 (full 0):
 garbage-first heap   total 527360K, used 363683K [0x0000000088800000, 0x0000000100000000)
  region size 1024K, 309 young (316416K), 2 survivors (2048K)
 Metaspace       used 9413K, committed 9536K, reserved 1064960K
  class space    used 629K, committed 704K, reserved 1048576K
}
Event: 28.759 GC heap after
{Heap after GC invocations=164 (full 0):
 garbage-first heap   total 527360K, used 48785K [0x0000000088800000, 0x0000000100000000)
  region size 1024K, 2 young (2048K), 2 survivors (2048K)
 Metaspace       used 9413K, committed 9536K, reserved 1064960K
  class space    used 629K, committed 704K, reserved 1048576K
}

