# JRE version: OpenJDK Runtime Environment (16.0.1+9) (build 16.0.1+9-24)
# Java VM: OpenJDK 64-Bit Server VM (16.0.1+9-24, mixed mode, sharing, tiered, compressed oops, compressed class ptrs, g1 gc, linux-amd64)
GC Precious Log:
 CPUs: 8 total, 8 available
 Memory: 7642M
 Large Page Support: Disabled
 NUMA Support: Disabled
 Compressed Oops: Enabled (32-bit)
 Heap Region Size: 1M
 Heap Min Capacity: 8M
 Heap Initial Capacity: 120M
 Heap Max Capacity: 1912M
 Pre-touch: Disabled
 Parallel Workers: 8
 Concurrent Workers: 2
 Concurrent Refinement Workers: 8
 Periodic GC: Disabled
Heap:
 garbage-first heap   total 259072K, used 18395K [0x0000000088800000, 0x0000000100000000)
  region size 1024K, 16 young (16384K), 1 survivors (1024K)
 Metaspace       used 9410K, committed 9536K, reserved 1064960K
  class space    used 629K, committed 704K, reserved 1048576K
GC Heap History (20 events):
Event: 13.822 GC heap before
{Heap before GC invocations=163 (full 0):
 garbage-first heap   total 259072K, used 157661K [0x0000000088800000, 0x0000000100000000)
  region size 1024K, 151 young (154624K), 1 survivors (1024K)
 Metaspace       used 9410K, committed 9536K, reserved 1064960K
  class space    used 629K, committed 704K, reserved 1048576K
}
Event: 13.822 GC heap after
{Heap after GC invocations=164 (full 0):
 garbage-first heap   total 259072K, used 4081K [0x0000000088800000, 0x0000000100000000)
  region size 1024K, 1 young (1024K), 1 survivors (1024K)
 Metaspace       used 9410K, committed 9536K, reserved 1064960K
  class space    used 629K, committed 704K, reserved 1048576K
}
Event: 13.887 GC heap before
{Heap before GC invocations=164 (full 0):
 garbage-first heap   total 259072K, used 157681K [0x0000000088800000, 0x0000000100000000)
  region size 1024K, 151 young (154624K), 1 survivors (1024K)
 Metaspace       used 9410K, committed 9536K, reserved 1064960K
  class space    used 629K, committed 704K, reserved 1048576K
}
Event: 13.887 GC heap after
{Heap after GC invocations=165 (full 0):
 garbage-first heap   total 259072K, used 4063K [0x0000000088800000, 0x0000000100000000)
  region size 1024K, 1 young (1024K), 1 survivors (1024K)
 Metaspace       used 9410K, committed 9536K, reserved 1064960K
  class space    used 629K, committed 704K, reserved 1048576K
}
Event: 13.954 GC heap before
{Heap before GC invocations=165 (full 0):
 garbage-first heap   total 259072K, used 157663K [0x0000000088800000, 0x0000000100000000)
  region size 1024K, 151 young (154624K), 1 survivors (1024K)
 Metaspace       used 9410K, committed 9536K, reserved 1064960K
  class space    used 629K, committed 704K, reserved 1048576K
}
Event: 13.955 GC heap after
{Heap after GC invocations=166 (full 0):
 garbage-first heap   total 259072K, used 4071K [0x0000000088800000, 0x0000000100000000)
  region size 1024K, 1 young (1024K), 1 survivors (1024K)
 Metaspace       used 9410K, committed 9536K, reserved 1064960K
  class space    used 629K, committed 704K, reserved 1048576K
}
Event: 14.019 GC heap before
{Heap before GC invocations=166 (full 0):
 garbage-first heap   total 259072K, used 157671K [0x0000000088800000, 0x0000000100000000)
  region size 1024K, 151 young (154624K), 1 survivors (1024K)
 Metaspace       used 9410K, committed 9536K, reserved 1064960K
  class space    used 629K, committed 704K, reserved 1048576K
}
Event: 14.020 GC heap after
{Heap after GC invocations=167 (full 0):
 garbage-first heap   total 259072K, used 4055K [0x0000000088800000, 0x0000000100000000)
  region size 1024K, 1 young (1024K), 1 survivors (1024K)
 Metaspace       used 9410K, committed 9536K, reserved 1064960K
  class space    used 629K, committed 704K, reserved 1048576K
}
Event: 14.086 GC heap before
{Heap before GC invocations=167 (full 0):
 garbage-first heap   total 259072K, used 157655K [0x0000000088800000, 0x0000000100000000)
  region size 1024K, 151 young (154624K), 1 survivors (1024K)
 Metaspace       used 9410K, committed 9536K, reserved 1064960K
  class space    used 629K, committed 704K, reserved 1048576K
}
Event: 14.086 GC heap after
{Heap after GC invocations=168 (full 0):
 garbage-first heap   total 259072K, used 4071K [0x0000000088800000, 0x0000000100000000)
  region size 1024K, 1 young (1024K), 1 survivors (1024K)
 Metaspace       used 9410K, committed 9536K, reserved 1064960K
  class space    used 629K, committed 704K, reserved 1048576K
}
Event: 14.150 GC heap before
{Heap before GC invocations=168 (full 0):
 garbage-first heap   total 259072K, used 157671K [0x0000000088800000, 0x0000000100000000)
  region size 1024K, 151 young (154624K), 1 survivors (1024K)
 Metaspace       used 9410K, committed 9536K, reserved 1064960K
  class space    used 629K, committed 704K, reserved 1048576K
}
Event: 14.151 GC heap after
{Heap after GC invocations=169 (full 0):
 garbage-first heap   total 259072K, used 4057K [0x0000000088800000, 0x0000000100000000)
  region size 1024K, 1 young (1024K), 1 survivors (1024K)
 Metaspace       used 9410K, committed 9536K, reserved 1064960K
  class space    used 629K, committed 704K, reserved 1048576K
}
Event: 14.218 GC heap before
{Heap before GC invocations=169 (full 0):
 garbage-first heap   total 259072K, used 157657K [0x0000000088800000, 0x0000000100000000)
  region size 1024K, 151 young (154624K), 1 survivors (1024K)
 Metaspace       used 9410K, committed 9536K, reserved 1064960K
  class space    used 629K, committed 704K, reserved 1048576K
}
Event: 14.218 GC heap after
{Heap after GC invocations=170 (full 0):
 garbage-first heap   total 259072K, used 4071K [0x0000000088800000, 0x0000000100000000)
  region size 1024K, 1 young (1024K), 1 survivors (1024K)
 Metaspace       used 9410K, committed 9536K, reserved 1064960K
  class space    used 629K, committed 704K, reserved 1048576K
}
Event: 14.282 GC heap before
{Heap before GC invocations=170 (full 0):
 garbage-first heap   total 259072K, used 157671K [0x0000000088800000, 0x0000000100000000)
  region size 1024K, 151 young (154624K), 1 survivors (1024K)
 Metaspace       used 9410K, committed 9536K, reserved 1064960K
  class space    used 629K, committed 704K, reserved 1048576K
}
Event: 14.282 GC heap after
{Heap after GC invocations=171 (full 0):
 garbage-first heap   total 259072K, used 4061K [0x0000000088800000, 0x0000000100000000)
  region size 1024K, 1 young (1024K), 1 survivors (1024K)
 Metaspace       used 9410K, committed 9536K, reserved 1064960K
  class space    used 629K, committed 704K, reserved 1048576K
}
Event: 14.348 GC heap before
{Heap before GC invocations=171 (full 0):
 garbage-first heap   total 259072K, used 157661K [0x0000000088800000, 0x0000000100000000)
  region size 1024K, 151 young (154624K), 1 survivors (1024K)
 Metaspace       used 9410K, committed 9536K, reserved 1064960K
  class space    used 629K, committed 704K, reserved 1048576K
}
Event: 14.349 GC heap after
{Heap after GC invocations=172 (full 0):
 garbage-first heap   total 259072K, used 4069K [0x0000000088800000, 0x0000000100000000)
  region size 1024K, 1 young (1024K), 1 survivors (1024K)
 Metaspace       used 9410K, committed 9536K, reserved 1064960K
  class space    used 629K, committed 704K, reserved 1048576K
}
Event: 14.413 GC heap before
{Heap before GC invocations=172 (full 0):
 garbage-first heap   total 259072K, used 157669K [0x0000000088800000, 0x0000000100000000)
  region size 1024K, 151 young (154624K), 1 survivors (1024K)
 Metaspace       used 9410K, committed 9536K, reserved 1064960K
  class space    used 629K, committed 704K, reserved 1048576K
}
Event: 14.414 GC heap after
{Heap after GC invocations=173 (full 0):
 garbage-first heap   total 259072K, used 4059K [0x0000000088800000, 0x0000000100000000)
  region size 1024K, 1 young (1024K), 1 survivors (1024K)
 Metaspace       used 9410K, committed 9536K, reserved 1064960K
  class space    used 629K, committed 704K, reserved 1048576K
}

