# JRE version: OpenJDK Runtime Environment (16.0.1+9) (build 16.0.1+9-24)
# Java VM: OpenJDK 64-Bit Server VM (16.0.1+9-24, mixed mode, sharing, tiered, compressed oops, compressed class ptrs, g1 gc, linux-amd64)
Heap:
 garbage-first heap   total 366592K, used 56862K [0x0000000088800000, 0x0000000100000000)
  region size 1024K, 53 young (54272K), 3 survivors (3072K)
 Metaspace       used 9462K, committed 9600K, reserved 1064960K
  class space    used 633K, committed 704K, reserved 1048576K
GC Heap History (20 events):
Event: 58.725 GC heap before
{Heap before GC invocations=372 (full 0):
 garbage-first heap   total 366592K, used 222618K [0x0000000088800000, 0x0000000100000000)
  region size 1024K, 214 young (219136K), 2 survivors (2048K)
 Metaspace       used 9441K, committed 9600K, reserved 1064960K
  class space    used 630K, committed 704K, reserved 1048576K
}
Event: 58.728 GC heap after
{Heap after GC invocations=373 (full 0):
 garbage-first heap   total 366592K, used 5443K [0x0000000088800000, 0x0000000100000000)
  region size 1024K, 2 young (2048K), 2 survivors (2048K)
 Metaspace       used 9441K, committed 9600K, reserved 1064960K
  class space    used 630K, committed 704K, reserved 1048576K
}
Event: 58.920 GC heap before
{Heap before GC invocations=373 (full 0):
 garbage-first heap   total 366592K, used 222531K [0x0000000088800000, 0x0000000100000000)
  region size 1024K, 214 young (219136K), 2 survivors (2048K)
 Metaspace       used 9441K, committed 9600K, reserved 1064960K
  class space    used 630K, committed 704K, reserved 1048576K
}
Event: 58.924 GC heap after
{Heap after GC invocations=374 (full 0):
 garbage-first heap   total 366592K, used 5515K [0x0000000088800000, 0x0000000100000000)
  region size 1024K, 2 young (2048K), 2 survivors (2048K)
 Metaspace       used 9441K, committed 9600K, reserved 1064960K
  class space    used 630K, committed 704K, reserved 1048576K
}
Event: 59.093 GC heap before
{Heap before GC invocations=374 (full 0):
 garbage-first heap   total 366592K, used 222603K [0x0000000088800000, 0x0000000100000000)
  region size 1024K, 214 young (219136K), 2 survivors (2048K)
 Metaspace       used 9441K, committed 9600K, reserved 1064960K
  class space    used 630K, committed 704K, reserved 1048576K
}
Event: 59.097 GC heap after
{Heap after GC invocations=375 (full 0):
 garbage-first heap   total 366592K, used 5328K [0x0000000088800000, 0x0000000100000000)
  region size 1024K, 2 young (2048K), 2 survivors (2048K)
 Metaspace       used 9441K, committed 9600K, reserved 1064960K
  class space    used 630K, committed 704K, reserved 1048576K
}
Event: 59.261 GC heap before
{Heap before GC invocations=375 (full 0):
 garbage-first heap   total 366592K, used 222416K [0x0000000088800000, 0x0000000100000000)
  region size 1024K, 214 young (219136K), 2 survivors (2048K)
 Metaspace       used 9441K, committed 9600K, reserved 1064960K
  class space    used 630K, committed 704K, reserved 1048576K
}
Event: 59.265 GC heap after
{Heap after GC invocations=376 (full 0):
 garbage-first heap   total 366592K, used 5304K [0x0000000088800000, 0x0000000100000000)
  region size 1024K, 2 young (2048K), 2 survivors (2048K)
 Metaspace       used 9441K, committed 9600K, reserved 1064960K
  class space    used 630K, committed 704K, reserved 1048576K
}
Event: 59.424 GC heap before
{Heap before GC invocations=376 (full 0):
 garbage-first heap   total 366592K, used 222392K [0x0000000088800000, 0x0000000100000000)
  region size 1024K, 214 young (219136K), 2 survivors (2048K)
 Metaspace       used 9441K, committed 9600K, reserved 1064960K
  class space    used 630K, committed 704K, reserved 1048576K
}
Event: 59.429 GC heap after
{Heap after GC invocations=377 (full 0):
 garbage-first heap   total 366592K, used 5392K [0x0000000088800000, 0x0000000100000000)
  region size 1024K, 2 young (2048K), 2 survivors (2048K)
 Metaspace       used 9441K, committed 9600K, reserved 1064960K
  class space    used 630K, committed 704K, reserved 1048576K
}
Event: 59.576 GC heap before
{Heap before GC invocations=377 (full 0):
 garbage-first heap   total 366592K, used 222480K [0x0000000088800000, 0x0000000100000000)
  region size 1024K, 214 young (219136K), 2 survivors (2048K)
 Metaspace       used 9441K, committed 9600K, reserved 1064960K
  class space    used 630K, committed 704K, reserved 1048576K
}
Event: 59.580 GC heap after
{Heap after GC invocations=378 (full 0):
 garbage-first heap   total 366592K, used 5285K [0x0000000088800000, 0x0000000100000000)
  region size 1024K, 2 young (2048K), 2 survivors (2048K)
 Metaspace       used 9441K, committed 9600K, reserved 1064960K
  class space    used 630K, committed 704K, reserved 1048576K
}
Event: 59.728 GC heap before
{Heap before GC invocations=378 (full 0):
 garbage-first heap   total 366592K, used 222373K [0x0000000088800000, 0x0000000100000000)
  region size 1024K, 214 young (219136K), 2 survivors (2048K)
 Metaspace       used 9441K, committed 9600K, reserved 1064960K
  class space    used 630K, committed 704K, reserved 1048576K
}
Event: 59.732 GC heap after
{Heap after GC invocations=379 (full 0):
 garbage-first heap   total 366592K, used 5333K [0x0000000088800000, 0x0000000100000000)
  region size 1024K, 2 young (2048K), 2 survivors (2048K)
 Metaspace       used 9441K, committed 9600K, reserved 1064960K
  class space    used 630K, committed 704K, reserved 1048576K
}
Event: 59.940 GC heap before
{Heap before GC invocations=379 (full 0):
 garbage-first heap   total 366592K, used 222421K [0x0000000088800000, 0x0000000100000000)
  region size 1024K, 214 young (219136K), 2 survivors (2048K)
 Metaspace       used 9441K, committed 9600K, reserved 1064960K
  class space    used 630K, committed 704K, reserved 1048576K
}
Event: 59.944 GC heap after
{Heap after GC invocations=380 (full 0):
 garbage-first heap   total 366592K, used 5251K [0x0000000088800000, 0x0000000100000000)
  region size 1024K, 2 young (2048K), 2 survivors (2048K)
 Metaspace       used 9441K, committed 9600K, reserved 1064960K
  class space    used 630K, committed 704K, reserved 1048576K
}
Event: 60.440 GC heap before
{Heap before GC invocations=380 (full 0):
 garbage-first heap   total 366592K, used 222339K [0x0000000088800000, 0x0000000100000000)
  region size 1024K, 214 young (219136K), 2 survivors (2048K)
 Metaspace       used 9441K, committed 9600K, reserved 1064960K
  class space    used 630K, committed 704K, reserved 1048576K
}
Event: 60.448 GC heap after
{Heap after GC invocations=381 (full 0):
 garbage-first heap   total 366592K, used 5739K [0x0000000088800000, 0x0000000100000000)
  region size 1024K, 2 young (2048K), 2 survivors (2048K)
 Metaspace       used 9441K, committed 9600K, reserved 1064960K
  class space    used 630K, committed 704K, reserved 1048576K
}
Event: 61.707 GC heap before
{Heap before GC invocations=381 (full 0):
 garbage-first heap   total 366592K, used 222827K [0x0000000088800000, 0x0000000100000000)
  region size 1024K, 214 young (219136K), 2 survivors (2048K)
 Metaspace       used 9441K, committed 9600K, reserved 1064960K
  class space    used 630K, committed 704K, reserved 1048576K
}
Event: 61.717 GC heap after
{Heap after GC invocations=382 (full 0):
 garbage-first heap   total 366592K, used 6172K [0x0000000088800000, 0x0000000100000000)
  region size 1024K, 3 young (3072K), 3 survivors (3072K)
 Metaspace       used 9441K, committed 9600K, reserved 1064960K
  class space    used 630K, committed 704K, reserved 1048576K
}

