# JRE version: OpenJDK Runtime Environment (16.0.1+9) (build 16.0.1+9-24)
# Java VM: OpenJDK 64-Bit Server VM (16.0.1+9-24, mixed mode, sharing, tiered, compressed oops, compressed class ptrs, g1 gc, linux-amd64)
GC Precious Log:
 CPUs: 8 total, 8 available
 Memory: 7642M
 Large Page Support: Disabled
 NUMA Support: Disabled
 Compressed Oops: Enabled (32-bit)
 Heap Region Size: 1M
 Heap Min Capacity: 8M
 Heap Initial Capacity: 120M
 Heap Max Capacity: 1912M
 Pre-touch: Disabled
 Parallel Workers: 8
 Concurrent Workers: 2
 Concurrent Refinement Workers: 8
 Periodic GC: Disabled
Heap:
 garbage-first heap   total 333824K, used 157599K [0x0000000088800000, 0x0000000100000000)
  region size 1024K, 151 young (154624K), 4 survivors (4096K)
 Metaspace       used 9415K, committed 9536K, reserved 1064960K
  class space    used 628K, committed 704K, reserved 1048576K
GC Heap History (20 events):
Event: 8.226 GC heap before
{Heap before GC invocations=54 (full 0):
 garbage-first heap   total 333824K, used 203218K [0x0000000088800000, 0x0000000100000000)
  region size 1024K, 195 young (199680K), 2 survivors (2048K)
 Metaspace       used 9390K, committed 9536K, reserved 1064960K
  class space    used 628K, committed 704K, reserved 1048576K
}
Event: 8.232 GC heap after
{Heap after GC invocations=55 (full 0):
 garbage-first heap   total 333824K, used 6040K [0x0000000088800000, 0x0000000100000000)
  region size 1024K, 2 young (2048K), 2 survivors (2048K)
 Metaspace       used 9390K, committed 9536K, reserved 1064960K
  class space    used 628K, committed 704K, reserved 1048576K
}
Event: 8.481 GC heap before
{Heap before GC invocations=55 (full 0):
 garbage-first heap   total 333824K, used 203672K [0x0000000088800000, 0x0000000100000000)
  region size 1024K, 195 young (199680K), 2 survivors (2048K)
 Metaspace       used 9390K, committed 9536K, reserved 1064960K
  class space    used 628K, committed 704K, reserved 1048576K
}
Event: 8.485 GC heap after
{Heap after GC invocations=56 (full 0):
 garbage-first heap   total 333824K, used 5985K [0x0000000088800000, 0x0000000100000000)
  region size 1024K, 2 young (2048K), 2 survivors (2048K)
 Metaspace       used 9390K, committed 9536K, reserved 1064960K
  class space    used 628K, committed 704K, reserved 1048576K
}
Event: 8.746 GC heap before
{Heap before GC invocations=56 (full 0):
 garbage-first heap   total 333824K, used 203617K [0x0000000088800000, 0x0000000100000000)
  region size 1024K, 195 young (199680K), 2 survivors (2048K)
 Metaspace       used 9390K, committed 9536K, reserved 1064960K
  class space    used 628K, committed 704K, reserved 1048576K
}
Event: 8.753 GC heap after
{Heap after GC invocations=57 (full 0):
 garbage-first heap   total 333824K, used 6047K [0x0000000088800000, 0x0000000100000000)
  region size 1024K, 2 young (2048K), 2 survivors (2048K)
 Metaspace       used 9390K, committed 9536K, reserved 1064960K
  class space    used 628K, committed 704K, reserved 1048576K
}
Event: 8.996 GC heap before
{Heap before GC invocations=57 (full 0):
 garbage-first heap   total 333824K, used 203679K [0x0000000088800000, 0x0000000100000000)
  region size 1024K, 195 young (199680K), 2 survivors (2048K)
 Metaspace       used 9407K, committed 9536K, reserved 1064960K
  class space    used 628K, committed 704K, reserved 1048576K
}
Event: 9.000 GC heap after
{Heap after GC invocations=58 (full 0):
 garbage-first heap   total 333824K, used 5874K [0x0000000088800000, 0x0000000100000000)
  region size 1024K, 2 young (2048K), 2 survivors (2048K)
 Metaspace       used 9407K, committed 9536K, reserved 1064960K
  class space    used 628K, committed 704K, reserved 1048576K
}
Event: 9.244 GC heap before
{Heap before GC invocations=58 (full 0):
 garbage-first heap   total 333824K, used 203506K [0x0000000088800000, 0x0000000100000000)
  region size 1024K, 195 young (199680K), 2 survivors (2048K)
 Metaspace       used 9409K, committed 9536K, reserved 1064960K
  class space    used 628K, committed 704K, reserved 1048576K
}
Event: 9.249 GC heap after
{Heap after GC invocations=59 (full 0):
 garbage-first heap   total 333824K, used 5829K [0x0000000088800000, 0x0000000100000000)
  region size 1024K, 2 young (2048K), 2 survivors (2048K)
 Metaspace       used 9409K, committed 9536K, reserved 1064960K
  class space    used 628K, committed 704K, reserved 1048576K
}
Event: 9.611 GC heap before
{Heap before GC invocations=59 (full 0):
 garbage-first heap   total 333824K, used 203461K [0x0000000088800000, 0x0000000100000000)
  region size 1024K, 195 young (199680K), 2 survivors (2048K)
 Metaspace       used 9409K, committed 9536K, reserved 1064960K
  class space    used 628K, committed 704K, reserved 1048576K
}
Event: 9.619 GC heap after
{Heap after GC invocations=60 (full 0):
 garbage-first heap   total 333824K, used 6442K [0x0000000088800000, 0x0000000100000000)
  region size 1024K, 3 young (3072K), 3 survivors (3072K)
 Metaspace       used 9409K, committed 9536K, reserved 1064960K
  class space    used 628K, committed 704K, reserved 1048576K
}
Event: 9.931 GC heap before
{Heap before GC invocations=60 (full 0):
 garbage-first heap   total 333824K, used 203050K [0x0000000088800000, 0x0000000100000000)
  region size 1024K, 195 young (199680K), 3 survivors (3072K)
 Metaspace       used 9414K, committed 9536K, reserved 1064960K
  class space    used 628K, committed 704K, reserved 1048576K
}
Event: 9.937 GC heap after
{Heap after GC invocations=61 (full 0):
 garbage-first heap   total 333824K, used 6108K [0x0000000088800000, 0x0000000100000000)
  region size 1024K, 3 young (3072K), 3 survivors (3072K)
 Metaspace       used 9414K, committed 9536K, reserved 1064960K
  class space    used 628K, committed 704K, reserved 1048576K
}
Event: 10.299 GC heap before
{Heap before GC invocations=61 (full 0):
 garbage-first heap   total 333824K, used 202716K [0x0000000088800000, 0x0000000100000000)
  region size 1024K, 195 young (199680K), 3 survivors (3072K)
 Metaspace       used 9414K, committed 9536K, reserved 1064960K
  class space    used 628K, committed 704K, reserved 1048576K
}
Event: 10.307 GC heap after
{Heap after GC invocations=62 (full 0):
 garbage-first heap   total 333824K, used 6329K [0x0000000088800000, 0x0000000100000000)
  region size 1024K, 3 young (3072K), 3 survivors (3072K)
 Metaspace       used 9414K, committed 9536K, reserved 1064960K
  class space    used 628K, committed 704K, reserved 1048576K
}
Event: 10.880 GC heap before
{Heap before GC invocations=62 (full 0):
 garbage-first heap   total 333824K, used 202937K [0x0000000088800000, 0x0000000100000000)
  region size 1024K, 195 young (199680K), 3 survivors (3072K)
 Metaspace       used 9414K, committed 9536K, reserved 1064960K
  class space    used 628K, committed 704K, reserved 1048576K
}
Event: 10.890 GC heap after
{Heap after GC invocations=63 (full 0):
 garbage-first heap   total 333824K, used 7071K [0x0000000088800000, 0x0000000100000000)
  region size 1024K, 3 young (3072K), 3 survivors (3072K)
 Metaspace       used 9414K, committed 9536K, reserved 1064960K
  class space    used 628K, committed 704K, reserved 1048576K
}
Event: 11.730 GC heap before
{Heap before GC invocations=63 (full 0):
 garbage-first heap   total 333824K, used 203679K [0x0000000088800000, 0x0000000100000000)
  region size 1024K, 195 young (199680K), 3 survivors (3072K)
 Metaspace       used 9414K, committed 9536K, reserved 1064960K
  class space    used 628K, committed 704K, reserved 1048576K
}
Event: 11.744 GC heap after
{Heap after GC invocations=64 (full 0):
 garbage-first heap   total 333824K, used 8095K [0x0000000088800000, 0x0000000100000000)
  region size 1024K, 4 young (4096K), 4 survivors (4096K)
 Metaspace       used 9414K, committed 9536K, reserved 1064960K
  class space    used 628K, committed 704K, reserved 1048576K
}

