# JRE version: OpenJDK Runtime Environment (16.0.1+9) (build 16.0.1+9-24)
# Java VM: OpenJDK 64-Bit Server VM (16.0.1+9-24, mixed mode, sharing, tiered, compressed oops, compressed class ptrs, g1 gc, linux-amd64)
GC Precious Log:
 CPUs: 8 total, 8 available
 Memory: 7642M
 Large Page Support: Disabled
 NUMA Support: Disabled
 Compressed Oops: Enabled (32-bit)
 Heap Region Size: 1M
 Heap Min Capacity: 8M
 Heap Initial Capacity: 120M
 Heap Max Capacity: 1912M
 Pre-touch: Disabled
 Parallel Workers: 8
 Concurrent Workers: 2
 Concurrent Refinement Workers: 8
 Periodic GC: Disabled
Heap:
 garbage-first heap   total 588800K, used 240146K [0x0000000088800000, 0x0000000100000000)
  region size 1024K, 224 young (229376K), 2 survivors (2048K)
 Metaspace       used 9419K, committed 9536K, reserved 1064960K
  class space    used 629K, committed 704K, reserved 1048576K
GC Heap History (20 events):
Event: 29.855 GC heap before
{Heap before GC invocations=221 (full 0):
 garbage-first heap   total 588800K, used 365294K [0x0000000088800000, 0x0000000100000000)
  region size 1024K, 345 young (353280K), 2 survivors (2048K)
 Metaspace       used 9413K, committed 9536K, reserved 1064960K
  class space    used 629K, committed 704K, reserved 1048576K
}
Event: 29.856 GC heap after
{Heap after GC invocations=222 (full 0):
 garbage-first heap   total 588800K, used 12168K [0x0000000088800000, 0x0000000100000000)
  region size 1024K, 1 young (1024K), 1 survivors (1024K)
 Metaspace       used 9413K, committed 9536K, reserved 1064960K
  class space    used 629K, committed 704K, reserved 1048576K
}
Event: 30.023 GC heap before
{Heap before GC invocations=222 (full 0):
 garbage-first heap   total 588800K, used 364424K [0x0000000088800000, 0x0000000100000000)
  region size 1024K, 345 young (353280K), 1 survivors (1024K)
 Metaspace       used 9413K, committed 9536K, reserved 1064960K
  class space    used 629K, committed 704K, reserved 1048576K
}
Event: 30.030 GC heap after
{Heap after GC invocations=223 (full 0):
 garbage-first heap   total 588800K, used 13936K [0x0000000088800000, 0x0000000100000000)
  region size 1024K, 2 young (2048K), 2 survivors (2048K)
 Metaspace       used 9413K, committed 9536K, reserved 1064960K
  class space    used 629K, committed 704K, reserved 1048576K
}
Event: 30.198 GC heap before
{Heap before GC invocations=223 (full 0):
 garbage-first heap   total 588800K, used 365168K [0x0000000088800000, 0x0000000100000000)
  region size 1024K, 345 young (353280K), 2 survivors (2048K)
 Metaspace       used 9413K, committed 9536K, reserved 1064960K
  class space    used 629K, committed 704K, reserved 1048576K
}
Event: 30.204 GC heap after
{Heap after GC invocations=224 (full 0):
 garbage-first heap   total 588800K, used 14042K [0x0000000088800000, 0x0000000100000000)
  region size 1024K, 2 young (2048K), 2 survivors (2048K)
 Metaspace       used 9413K, committed 9536K, reserved 1064960K
  class space    used 629K, committed 704K, reserved 1048576K
}
Event: 30.369 GC heap before
{Heap before GC invocations=224 (full 0):
 garbage-first heap   total 588800K, used 365274K [0x0000000088800000, 0x0000000100000000)
  region size 1024K, 345 young (353280K), 2 survivors (2048K)
 Metaspace       used 9413K, committed 9536K, reserved 1064960K
  class space    used 629K, committed 704K, reserved 1048576K
}
Event: 30.375 GC heap after
{Heap after GC invocations=225 (full 0):
 garbage-first heap   total 588800K, used 13975K [0x0000000088800000, 0x0000000100000000)
  region size 1024K, 2 young (2048K), 2 survivors (2048K)
 Metaspace       used 9413K, committed 9536K, reserved 1064960K
  class space    used 629K, committed 704K, reserved 1048576K
}
Event: 30.540 GC heap before
{Heap before GC invocations=225 (full 0):
 garbage-first heap   total 588800K, used 365207K [0x0000000088800000, 0x0000000100000000)
  region size 1024K, 345 young (353280K), 2 survivors (2048K)
 Metaspace       used 9413K, committed 9536K, reserved 1064960K
  class space    used 629K, committed 704K, reserved 1048576K
}
Event: 30.546 GC heap after
{Heap after GC invocations=226 (full 0):
 garbage-first heap   total 588800K, used 13992K [0x0000000088800000, 0x0000000100000000)
  region size 1024K, 2 young (2048K), 2 survivors (2048K)
 Metaspace       used 9413K, committed 9536K, reserved 1064960K
  class space    used 629K, committed 704K, reserved 1048576K
}
Event: 30.710 GC heap before
{Heap before GC invocations=226 (full 0):
 garbage-first heap   total 588800K, used 365224K [0x0000000088800000, 0x0000000100000000)
  region size 1024K, 345 young (353280K), 2 survivors (2048K)
 Metaspace       used 9413K, committed 9536K, reserved 1064960K
  class space    used 629K, committed 704K, reserved 1048576K
}
Event: 30.716 GC heap after
{Heap after GC invocations=227 (full 0):
 garbage-first heap   total 588800K, used 13985K [0x0000000088800000, 0x0000000100000000)
  region size 1024K, 2 young (2048K), 2 survivors (2048K)
 Metaspace       used 9413K, committed 9536K, reserved 1064960K
  class space    used 629K, committed 704K, reserved 1048576K
}
Event: 30.856 GC heap before
{Heap before GC invocations=227 (full 0):
 garbage-first heap   total 588800K, used 365217K [0x0000000088800000, 0x0000000100000000)
  region size 1024K, 345 young (353280K), 2 survivors (2048K)
 Metaspace       used 9413K, committed 9536K, reserved 1064960K
  class space    used 629K, committed 704K, reserved 1048576K
}
Event: 30.857 GC heap after
{Heap after GC invocations=228 (full 0):
 garbage-first heap   total 588800K, used 12165K [0x0000000088800000, 0x0000000100000000)
  region size 1024K, 1 young (1024K), 1 survivors (1024K)
 Metaspace       used 9413K, committed 9536K, reserved 1064960K
  class space    used 629K, committed 704K, reserved 1048576K
}
Event: 31.025 GC heap before
{Heap before GC invocations=228 (full 0):
 garbage-first heap   total 588800K, used 364421K [0x0000000088800000, 0x0000000100000000)
  region size 1024K, 345 young (353280K), 1 survivors (1024K)
 Metaspace       used 9413K, committed 9536K, reserved 1064960K
  class space    used 629K, committed 704K, reserved 1048576K
}
Event: 31.031 GC heap after
{Heap after GC invocations=229 (full 0):
 garbage-first heap   total 588800K, used 13778K [0x0000000088800000, 0x0000000100000000)
  region size 1024K, 2 young (2048K), 2 survivors (2048K)
 Metaspace       used 9413K, committed 9536K, reserved 1064960K
  class space    used 629K, committed 704K, reserved 1048576K
}
Event: 31.197 GC heap before
{Heap before GC invocations=229 (full 0):
 garbage-first heap   total 588800K, used 365010K [0x0000000088800000, 0x0000000100000000)
  region size 1024K, 345 young (353280K), 2 survivors (2048K)
 Metaspace       used 9419K, committed 9536K, reserved 1064960K
  class space    used 629K, committed 704K, reserved 1048576K
}
Event: 31.203 GC heap after
{Heap after GC invocations=230 (full 0):
 garbage-first heap   total 588800K, used 13872K [0x0000000088800000, 0x0000000100000000)
  region size 1024K, 2 young (2048K), 2 survivors (2048K)
 Metaspace       used 9419K, committed 9536K, reserved 1064960K
  class space    used 629K, committed 704K, reserved 1048576K
}
Event: 31.369 GC heap before
{Heap before GC invocations=230 (full 0):
 garbage-first heap   total 588800K, used 365104K [0x0000000088800000, 0x0000000100000000)
  region size 1024K, 345 young (353280K), 2 survivors (2048K)
 Metaspace       used 9419K, committed 9536K, reserved 1064960K
  class space    used 629K, committed 704K, reserved 1048576K
}
Event: 31.374 GC heap after
{Heap after GC invocations=231 (full 0):
 garbage-first heap   total 588800K, used 13842K [0x0000000088800000, 0x0000000100000000)
  region size 1024K, 2 young (2048K), 2 survivors (2048K)
 Metaspace       used 9419K, committed 9536K, reserved 1064960K
  class space    used 629K, committed 704K, reserved 1048576K
}

