# JRE version: OpenJDK Runtime Environment (16.0.1+9) (build 16.0.1+9-24)
# Java VM: OpenJDK 64-Bit Server VM (16.0.1+9-24, mixed mode, sharing, tiered, compressed oops, compressed class ptrs, g1 gc, linux-amd64)
GC Precious Log:
 CPUs: 8 total, 8 available
 Memory: 7642M
 Large Page Support: Disabled
 NUMA Support: Disabled
 Compressed Oops: Enabled (32-bit)
 Heap Region Size: 1M
 Heap Min Capacity: 8M
 Heap Initial Capacity: 120M
 Heap Max Capacity: 1912M
 Pre-touch: Disabled
 Parallel Workers: 8
 Concurrent Workers: 2
 Concurrent Refinement Workers: 8
 Periodic GC: Disabled
Heap:
 garbage-first heap   total 334848K, used 105572K [0x0000000088800000, 0x0000000100000000)
  region size 1024K, 101 young (103424K), 1 survivors (1024K)
 Metaspace       used 9390K, committed 9536K, reserved 1064960K
  class space    used 629K, committed 704K, reserved 1048576K
GC Heap History (20 events):
Event: 12.244 GC heap before
{Heap before GC invocations=61 (full 0):
 garbage-first heap   total 334848K, used 204027K [0x0000000088800000, 0x0000000100000000)
  region size 1024K, 196 young (200704K), 2 survivors (2048K)
 Metaspace       used 9387K, committed 9536K, reserved 1064960K
  class space    used 629K, committed 704K, reserved 1048576K
}
Event: 12.248 GC heap after
{Heap after GC invocations=62 (full 0):
 garbage-first heap   total 334848K, used 5345K [0x0000000088800000, 0x0000000100000000)
  region size 1024K, 2 young (2048K), 2 survivors (2048K)
 Metaspace       used 9387K, committed 9536K, reserved 1064960K
  class space    used 629K, committed 704K, reserved 1048576K
}
Event: 12.608 GC heap before
{Heap before GC invocations=62 (full 0):
 garbage-first heap   total 334848K, used 204001K [0x0000000088800000, 0x0000000100000000)
  region size 1024K, 196 young (200704K), 2 survivors (2048K)
 Metaspace       used 9387K, committed 9536K, reserved 1064960K
  class space    used 629K, committed 704K, reserved 1048576K
}
Event: 12.613 GC heap after
{Heap after GC invocations=63 (full 0):
 garbage-first heap   total 334848K, used 5412K [0x0000000088800000, 0x0000000100000000)
  region size 1024K, 2 young (2048K), 2 survivors (2048K)
 Metaspace       used 9387K, committed 9536K, reserved 1064960K
  class space    used 629K, committed 704K, reserved 1048576K
}
Event: 12.976 GC heap before
{Heap before GC invocations=63 (full 0):
 garbage-first heap   total 334848K, used 204068K [0x0000000088800000, 0x0000000100000000)
  region size 1024K, 196 young (200704K), 2 survivors (2048K)
 Metaspace       used 9387K, committed 9536K, reserved 1064960K
  class space    used 629K, committed 704K, reserved 1048576K
}
Event: 12.981 GC heap after
{Heap after GC invocations=64 (full 0):
 garbage-first heap   total 334848K, used 5355K [0x0000000088800000, 0x0000000100000000)
  region size 1024K, 2 young (2048K), 2 survivors (2048K)
 Metaspace       used 9387K, committed 9536K, reserved 1064960K
  class space    used 629K, committed 704K, reserved 1048576K
}
Event: 13.462 GC heap before
{Heap before GC invocations=64 (full 0):
 garbage-first heap   total 334848K, used 204011K [0x0000000088800000, 0x0000000100000000)
  region size 1024K, 196 young (200704K), 2 survivors (2048K)
 Metaspace       used 9387K, committed 9536K, reserved 1064960K
  class space    used 629K, committed 704K, reserved 1048576K
}
Event: 13.468 GC heap after
{Heap after GC invocations=65 (full 0):
 garbage-first heap   total 334848K, used 5611K [0x0000000088800000, 0x0000000100000000)
  region size 1024K, 2 young (2048K), 2 survivors (2048K)
 Metaspace       used 9387K, committed 9536K, reserved 1064960K
  class space    used 629K, committed 704K, reserved 1048576K
}
Event: 13.647 GC heap before
{Heap before GC invocations=65 (full 0):
 garbage-first heap   total 334848K, used 204267K [0x0000000088800000, 0x0000000100000000)
  region size 1024K, 196 young (200704K), 2 survivors (2048K)
 Metaspace       used 9390K, committed 9536K, reserved 1064960K
  class space    used 629K, committed 704K, reserved 1048576K
}
Event: 13.649 GC heap after
{Heap after GC invocations=66 (full 0):
 garbage-first heap   total 334848K, used 4565K [0x0000000088800000, 0x0000000100000000)
  region size 1024K, 1 young (1024K), 1 survivors (1024K)
 Metaspace       used 9390K, committed 9536K, reserved 1064960K
  class space    used 629K, committed 704K, reserved 1048576K
}
Event: 13.739 GC heap before
{Heap before GC invocations=66 (full 0):
 garbage-first heap   total 334848K, used 204245K [0x0000000088800000, 0x0000000100000000)
  region size 1024K, 196 young (200704K), 1 survivors (1024K)
 Metaspace       used 9390K, committed 9536K, reserved 1064960K
  class space    used 629K, committed 704K, reserved 1048576K
}
Event: 13.740 GC heap after
{Heap after GC invocations=67 (full 0):
 garbage-first heap   total 334848K, used 4253K [0x0000000088800000, 0x0000000100000000)
  region size 1024K, 1 young (1024K), 1 survivors (1024K)
 Metaspace       used 9390K, committed 9536K, reserved 1064960K
  class space    used 629K, committed 704K, reserved 1048576K
}
Event: 13.831 GC heap before
{Heap before GC invocations=67 (full 0):
 garbage-first heap   total 334848K, used 203933K [0x0000000088800000, 0x0000000100000000)
  region size 1024K, 196 young (200704K), 1 survivors (1024K)
 Metaspace       used 9390K, committed 9536K, reserved 1064960K
  class space    used 629K, committed 704K, reserved 1048576K
}
Event: 13.832 GC heap after
{Heap after GC invocations=68 (full 0):
 garbage-first heap   total 334848K, used 4210K [0x0000000088800000, 0x0000000100000000)
  region size 1024K, 1 young (1024K), 1 survivors (1024K)
 Metaspace       used 9390K, committed 9536K, reserved 1064960K
  class space    used 629K, committed 704K, reserved 1048576K
}
Event: 13.923 GC heap before
{Heap before GC invocations=68 (full 0):
 garbage-first heap   total 334848K, used 203890K [0x0000000088800000, 0x0000000100000000)
  region size 1024K, 196 young (200704K), 1 survivors (1024K)
 Metaspace       used 9390K, committed 9536K, reserved 1064960K
  class space    used 629K, committed 704K, reserved 1048576K
}
Event: 13.924 GC heap after
{Heap after GC invocations=69 (full 0):
 garbage-first heap   total 334848K, used 4170K [0x0000000088800000, 0x0000000100000000)
  region size 1024K, 1 young (1024K), 1 survivors (1024K)
 Metaspace       used 9390K, committed 9536K, reserved 1064960K
  class space    used 629K, committed 704K, reserved 1048576K
}
Event: 14.015 GC heap before
{Heap before GC invocations=69 (full 0):
 garbage-first heap   total 334848K, used 203850K [0x0000000088800000, 0x0000000100000000)
  region size 1024K, 196 young (200704K), 1 survivors (1024K)
 Metaspace       used 9390K, committed 9536K, reserved 1064960K
  class space    used 629K, committed 704K, reserved 1048576K
}
Event: 14.016 GC heap after
{Heap after GC invocations=70 (full 0):
 garbage-first heap   total 334848K, used 4172K [0x0000000088800000, 0x0000000100000000)
  region size 1024K, 1 young (1024K), 1 survivors (1024K)
 Metaspace       used 9390K, committed 9536K, reserved 1064960K
  class space    used 629K, committed 704K, reserved 1048576K
}
Event: 14.108 GC heap before
{Heap before GC invocations=70 (full 0):
 garbage-first heap   total 334848K, used 203852K [0x0000000088800000, 0x0000000100000000)
  region size 1024K, 196 young (200704K), 1 survivors (1024K)
 Metaspace       used 9390K, committed 9536K, reserved 1064960K
  class space    used 629K, committed 704K, reserved 1048576K
}
Event: 14.110 GC heap after
{Heap after GC invocations=71 (full 0):
 garbage-first heap   total 334848K, used 4196K [0x0000000088800000, 0x0000000100000000)
  region size 1024K, 1 young (1024K), 1 survivors (1024K)
 Metaspace       used 9390K, committed 9536K, reserved 1064960K
  class space    used 629K, committed 704K, reserved 1048576K
}

